
**** Build of configuration Debug for project Helicopter ****

"C:\\ti\\ccs920\\ccs\\utils\\bin\\gmake" -k -j 8 all -O 
 
Building file: "../tm4c123gh6pm_startup_ccs.c"
Invoking: ARM Compiler
"C:/ti/ccs920/ccs/tools/compiler/ti-cgt-arm_18.12.4.LTS/bin/armcl" -mv7M4 --code_state=16 --float_support=FPv4SPD16 -me --include_path="P:/Courses/ENCE464/Helrig/group10/Assignment/Helicopter" --include_path="C:/ti/TivaWare_C_Series-2.1.4.178" --include_path="P:/Courses/ENCE464/Helrig/group10/Assignment/Helicopter/FreeRTOS/include" --include_path="P:/Courses/ENCE464/Helrig/group10/Assignment/Helicopter/FreeRTOS/Source/portable/CCS/ARM_CM4F" --include_path="C:/ti/ccs920/ccs/tools/compiler/ti-cgt-arm_18.12.4.LTS/include" --define=ccs="ccs" --define=TARGET_IS_TM4C123_RB2 --define=PART_TM4C123GH6PM -g --gcc --diag_warning=225 --diag_wrap=off --display_error_number --abi=eabi --preproc_with_compile --preproc_dependency="tm4c123gh6pm_startup_ccs.d_raw"  "../tm4c123gh6pm_startup_ccs.c"
Finished building: "../tm4c123gh6pm_startup_ccs.c"
 
Building target: "Helicopter.out"
Invoking: ARM Linker
"C:/ti/ccs920/ccs/tools/compiler/ti-cgt-arm_18.12.4.LTS/bin/armcl" -mv7M4 --code_state=16 --float_support=FPv4SPD16 -me --define=ccs="ccs" --define=TARGET_IS_TM4C123_RB2 --define=PART_TM4C123GH6PM -g --gcc --diag_warning=225 --diag_wrap=off --display_error_number --abi=eabi -z -m"Helicopter.map" --heap_size=0 --stack_size=512 -i"C:/ti/ccs920/ccs/tools/compiler/ti-cgt-arm_18.12.4.LTS/lib" -i"C:/ti/ccs920/ccs/tools/compiler/ti-cgt-arm_18.12.4.LTS/include" --reread_libs --diag_wrap=off --display_error_number --warn_sections --xml_link_info="Helicopter_linkInfo.xml" --rom_model -o "Helicopter.out" "./main.obj" "./tm4c123gh6pm_startup_ccs.obj" "./FreeRTOS/Source/croutine.obj" "./FreeRTOS/Source/event_groups.obj" "./FreeRTOS/Source/list.obj" "./FreeRTOS/Source/queue.obj" "./FreeRTOS/Source/stream_buffer.obj" "./FreeRTOS/Source/tasks.obj" "./FreeRTOS/Source/timers.obj" "./FreeRTOS/Source/portable/CCS/ARM_CM4F/port.obj" "./FreeRTOS/Source/portable/CCS/ARM_CM4F/portasm.obj" "./FreeRTOS/Source/portable/MemMang/heap_2.obj" "../tm4c123gh6pm.cmd"  -llibc.a -l"C:/ti/TivaWare_C_Series-2.1.4.178/driverlib/ccs/Debug/driverlib.lib" 
<Linking>
 
 undefined                     first referenced           
  symbol                           in file                
 ---------                     ----------------           
 vApplicationStackOverflowHook ./FreeRTOS/Source/tasks.obj
 
error #10234-D: unresolved symbols remain
error #10010: errors encountered during linking; "Helicopter.out" not built
 
>> Compilation failure
makefile:159: recipe for target 'Helicopter.out' failed
gmake[1]: *** [Helicopter.out] Error 1
makefile:155: recipe for target 'all' failed
gmake: *** [all] Error 2

**** Build Finished ****
