
**** Build of configuration Debug for project Week1_lab ****

"C:\\ti\\ccs920\\ccs\\utils\\bin\\gmake" -k -j 8 all -O 
 
Building target: "Week1_lab.out"
Invoking: ARM Linker
"C:/ti/ccs920/ccs/tools/compiler/ti-cgt-arm_18.12.4.LTS/bin/armcl" -mv7M4 --code_state=16 --float_support=FPv4SPD16 -me --define=TARGET_IS_TM4C123_RB2 --define=ccs="ccs" --define=PART_TM4C123GH6PM -g --gcc --diag_warning=225 --diag_wrap=off --display_error_number --abi=eabi -z -m"Week1_lab.map" --heap_size=0 --stack_size=512 -i"C:/ti/ccs920/ccs/tools/compiler/ti-cgt-arm_18.12.4.LTS/lib" -i"C:/ti/ccs920/ccs/tools/compiler/ti-cgt-arm_18.12.4.LTS/include" --reread_libs --diag_wrap=off --display_error_number --warn_sections --xml_link_info="Week1_lab_linkInfo.xml" --rom_model -o "Week1_lab.out" "./buttons4.obj" "./circBufT.obj" "./control.obj" "./main.obj" "./system.obj" "./tm4c123gh6pm_startup_ccs.obj" "./FreeRTOS/croutine.obj" "./FreeRTOS/event_groups.obj" "./FreeRTOS/list.obj" "./FreeRTOS/queue.obj" "./FreeRTOS/stream_buffer.obj" "./FreeRTOS/tasks.obj" "./FreeRTOS/timers.obj" "./FreeRTOS/portable/CCS/ARM_CM4F/port.obj" "./FreeRTOS/portable/CCS/ARM_CM4F/portasm.obj" "./FreeRTOS/portable/MemMang/heap_2.obj" "../tm4c123gh6pm.cmd"  -llibc.a -l"C:/ti/TivaWare_C_Series-2.1.4.178/driverlib/ccs/Debug/driverlib.lib" 
<Linking>
 
 undefined                  first referenced
  symbol                        in file     
 ---------                  ----------------
 ROM_GPIOPinConfigure       ./main.obj      
 ROM_GPIOPinTypeUART        ./main.obj      
 ROM_SysCtlPeripheralEnable ./main.obj      
 UARTStdioConfig            ./main.obj      
 UARTprintf                 ./main.obj      
 
error #10234-D: unresolved symbols remain
error #10010: errors encountered during linking; "Week1_lab.out" not built
 
>> Compilation failure
makefile:163: recipe for target 'Week1_lab.out' failed
gmake[1]: *** [Week1_lab.out] Error 1
makefile:159: recipe for target 'all' failed
gmake: *** [all] Error 2

**** Build Finished ****
