
**** Build of configuration Debug for project Blink ****

"C:\\ti\\ccs920\\ccs\\utils\\bin\\gmake" -k -j 8 all -O 
 
Building file: "../tm4c123gh6pm_startup_ccs.c"
Invoking: ARM Compiler
"C:/ti/ccs920/ccs/tools/compiler/ti-cgt-arm_18.12.4.LTS/bin/armcl" -mv7M4 --code_state=16 --float_support=FPv4SPD16 -me --include_path="P:/Courses/ENCE464/Other files/Blinker/Blink" --include_path="C:/ti/TivaWare_C_Series-2.1.4.178" --include_path="C:/ti/ccs920/ccs/tools/compiler/ti-cgt-arm_18.12.4.LTS/include" --include_path="P:/Courses/ENCE464/Other files/Blinker/Blink/FreeRTOS/include" --include_path="P:/Courses/ENCE464/Other files/Blinker/Blink/FreeRTOS/portable/CCS/ARM_CM4F" --define=ccs="ccs" --define=PART_TM4C123GH6PM -g --gcc --diag_warning=225 --diag_wrap=off --display_error_number --abi=eabi --preproc_with_compile --preproc_dependency="tm4c123gh6pm_startup_ccs.d_raw"  "../tm4c123gh6pm_startup_ccs.c"
Finished building: "../tm4c123gh6pm_startup_ccs.c"
 
Building file: "../FreeRTOS/croutine.c"
Invoking: ARM Compiler
"C:/ti/ccs920/ccs/tools/compiler/ti-cgt-arm_18.12.4.LTS/bin/armcl" -mv7M4 --code_state=16 --float_support=FPv4SPD16 -me --include_path="P:/Courses/ENCE464/Other files/Blinker/Blink" --include_path="C:/ti/TivaWare_C_Series-2.1.4.178" --include_path="C:/ti/ccs920/ccs/tools/compiler/ti-cgt-arm_18.12.4.LTS/include" --include_path="P:/Courses/ENCE464/Other files/Blinker/Blink/FreeRTOS/include" --include_path="P:/Courses/ENCE464/Other files/Blinker/Blink/FreeRTOS/portable/CCS/ARM_CM4F" --define=ccs="ccs" --define=PART_TM4C123GH6PM -g --gcc --diag_warning=225 --diag_wrap=off --display_error_number --abi=eabi --preproc_with_compile --preproc_dependency="FreeRTOS/croutine.d_raw" --obj_directory="FreeRTOS"  "../FreeRTOS/croutine.c"
Finished building: "../FreeRTOS/croutine.c"
 
Building file: "../FreeRTOS/list.c"
Invoking: ARM Compiler
"C:/ti/ccs920/ccs/tools/compiler/ti-cgt-arm_18.12.4.LTS/bin/armcl" -mv7M4 --code_state=16 --float_support=FPv4SPD16 -me --include_path="P:/Courses/ENCE464/Other files/Blinker/Blink" --include_path="C:/ti/TivaWare_C_Series-2.1.4.178" --include_path="C:/ti/ccs920/ccs/tools/compiler/ti-cgt-arm_18.12.4.LTS/include" --include_path="P:/Courses/ENCE464/Other files/Blinker/Blink/FreeRTOS/include" --include_path="P:/Courses/ENCE464/Other files/Blinker/Blink/FreeRTOS/portable/CCS/ARM_CM4F" --define=ccs="ccs" --define=PART_TM4C123GH6PM -g --gcc --diag_warning=225 --diag_wrap=off --display_error_number --abi=eabi --preproc_with_compile --preproc_dependency="FreeRTOS/list.d_raw" --obj_directory="FreeRTOS"  "../FreeRTOS/list.c"
Finished building: "../FreeRTOS/list.c"
 
Building file: "../main.c"
Invoking: ARM Compiler
"C:/ti/ccs920/ccs/tools/compiler/ti-cgt-arm_18.12.4.LTS/bin/armcl" -mv7M4 --code_state=16 --float_support=FPv4SPD16 -me --include_path="P:/Courses/ENCE464/Other files/Blinker/Blink" --include_path="C:/ti/TivaWare_C_Series-2.1.4.178" --include_path="C:/ti/ccs920/ccs/tools/compiler/ti-cgt-arm_18.12.4.LTS/include" --include_path="P:/Courses/ENCE464/Other files/Blinker/Blink/FreeRTOS/include" --include_path="P:/Courses/ENCE464/Other files/Blinker/Blink/FreeRTOS/portable/CCS/ARM_CM4F" --define=ccs="ccs" --define=PART_TM4C123GH6PM -g --gcc --diag_warning=225 --diag_wrap=off --display_error_number --abi=eabi --preproc_with_compile --preproc_dependency="main.d_raw"  "../main.c"
Finished building: "../main.c"
 
Building file: "../FreeRTOS/event_groups.c"
Invoking: ARM Compiler
"C:/ti/ccs920/ccs/tools/compiler/ti-cgt-arm_18.12.4.LTS/bin/armcl" -mv7M4 --code_state=16 --float_support=FPv4SPD16 -me --include_path="P:/Courses/ENCE464/Other files/Blinker/Blink" --include_path="C:/ti/TivaWare_C_Series-2.1.4.178" --include_path="C:/ti/ccs920/ccs/tools/compiler/ti-cgt-arm_18.12.4.LTS/include" --include_path="P:/Courses/ENCE464/Other files/Blinker/Blink/FreeRTOS/include" --include_path="P:/Courses/ENCE464/Other files/Blinker/Blink/FreeRTOS/portable/CCS/ARM_CM4F" --define=ccs="ccs" --define=PART_TM4C123GH6PM -g --gcc --diag_warning=225 --diag_wrap=off --display_error_number --abi=eabi --preproc_with_compile --preproc_dependency="FreeRTOS/event_groups.d_raw" --obj_directory="FreeRTOS"  "../FreeRTOS/event_groups.c"
Finished building: "../FreeRTOS/event_groups.c"
 
Building file: "../FreeRTOS/portable/CCS/ARM_CM4F/portasm.asm"
Invoking: ARM Compiler
"C:/ti/ccs920/ccs/tools/compiler/ti-cgt-arm_18.12.4.LTS/bin/armcl" -mv7M4 --code_state=16 --float_support=FPv4SPD16 -me --include_path="P:/Courses/ENCE464/Other files/Blinker/Blink" --include_path="C:/ti/TivaWare_C_Series-2.1.4.178" --include_path="C:/ti/ccs920/ccs/tools/compiler/ti-cgt-arm_18.12.4.LTS/include" --include_path="P:/Courses/ENCE464/Other files/Blinker/Blink/FreeRTOS/include" --include_path="P:/Courses/ENCE464/Other files/Blinker/Blink/FreeRTOS/portable/CCS/ARM_CM4F" --define=ccs="ccs" --define=PART_TM4C123GH6PM -g --gcc --diag_warning=225 --diag_wrap=off --display_error_number --abi=eabi --preproc_with_compile --preproc_dependency="FreeRTOS/portable/CCS/ARM_CM4F/portasm.d_raw" --obj_directory="FreeRTOS/portable/CCS/ARM_CM4F"  "../FreeRTOS/portable/CCS/ARM_CM4F/portasm.asm"
Finished building: "../FreeRTOS/portable/CCS/ARM_CM4F/portasm.asm"
 
Building file: "../FreeRTOS/stream_buffer.c"
Invoking: ARM Compiler
"C:/ti/ccs920/ccs/tools/compiler/ti-cgt-arm_18.12.4.LTS/bin/armcl" -mv7M4 --code_state=16 --float_support=FPv4SPD16 -me --include_path="P:/Courses/ENCE464/Other files/Blinker/Blink" --include_path="C:/ti/TivaWare_C_Series-2.1.4.178" --include_path="C:/ti/ccs920/ccs/tools/compiler/ti-cgt-arm_18.12.4.LTS/include" --include_path="P:/Courses/ENCE464/Other files/Blinker/Blink/FreeRTOS/include" --include_path="P:/Courses/ENCE464/Other files/Blinker/Blink/FreeRTOS/portable/CCS/ARM_CM4F" --define=ccs="ccs" --define=PART_TM4C123GH6PM -g --gcc --diag_warning=225 --diag_wrap=off --display_error_number --abi=eabi --preproc_with_compile --preproc_dependency="FreeRTOS/stream_buffer.d_raw" --obj_directory="FreeRTOS"  "../FreeRTOS/stream_buffer.c"
Finished building: "../FreeRTOS/stream_buffer.c"
 
Building file: "../FreeRTOS/timers.c"
Invoking: ARM Compiler
"C:/ti/ccs920/ccs/tools/compiler/ti-cgt-arm_18.12.4.LTS/bin/armcl" -mv7M4 --code_state=16 --float_support=FPv4SPD16 -me --include_path="P:/Courses/ENCE464/Other files/Blinker/Blink" --include_path="C:/ti/TivaWare_C_Series-2.1.4.178" --include_path="C:/ti/ccs920/ccs/tools/compiler/ti-cgt-arm_18.12.4.LTS/include" --include_path="P:/Courses/ENCE464/Other files/Blinker/Blink/FreeRTOS/include" --include_path="P:/Courses/ENCE464/Other files/Blinker/Blink/FreeRTOS/portable/CCS/ARM_CM4F" --define=ccs="ccs" --define=PART_TM4C123GH6PM -g --gcc --diag_warning=225 --diag_wrap=off --display_error_number --abi=eabi --preproc_with_compile --preproc_dependency="FreeRTOS/timers.d_raw" --obj_directory="FreeRTOS"  "../FreeRTOS/timers.c"
Finished building: "../FreeRTOS/timers.c"
 
Building file: "../FreeRTOS/portable/CCS/ARM_CM4F/port.c"
Invoking: ARM Compiler
"C:/ti/ccs920/ccs/tools/compiler/ti-cgt-arm_18.12.4.LTS/bin/armcl" -mv7M4 --code_state=16 --float_support=FPv4SPD16 -me --include_path="P:/Courses/ENCE464/Other files/Blinker/Blink" --include_path="C:/ti/TivaWare_C_Series-2.1.4.178" --include_path="C:/ti/ccs920/ccs/tools/compiler/ti-cgt-arm_18.12.4.LTS/include" --include_path="P:/Courses/ENCE464/Other files/Blinker/Blink/FreeRTOS/include" --include_path="P:/Courses/ENCE464/Other files/Blinker/Blink/FreeRTOS/portable/CCS/ARM_CM4F" --define=ccs="ccs" --define=PART_TM4C123GH6PM -g --gcc --diag_warning=225 --diag_wrap=off --display_error_number --abi=eabi --preproc_with_compile --preproc_dependency="FreeRTOS/portable/CCS/ARM_CM4F/port.d_raw" --obj_directory="FreeRTOS/portable/CCS/ARM_CM4F"  "../FreeRTOS/portable/CCS/ARM_CM4F/port.c"
Finished building: "../FreeRTOS/portable/CCS/ARM_CM4F/port.c"
 
Building file: "../FreeRTOS/queue.c"
Invoking: ARM Compiler
"C:/ti/ccs920/ccs/tools/compiler/ti-cgt-arm_18.12.4.LTS/bin/armcl" -mv7M4 --code_state=16 --float_support=FPv4SPD16 -me --include_path="P:/Courses/ENCE464/Other files/Blinker/Blink" --include_path="C:/ti/TivaWare_C_Series-2.1.4.178" --include_path="C:/ti/ccs920/ccs/tools/compiler/ti-cgt-arm_18.12.4.LTS/include" --include_path="P:/Courses/ENCE464/Other files/Blinker/Blink/FreeRTOS/include" --include_path="P:/Courses/ENCE464/Other files/Blinker/Blink/FreeRTOS/portable/CCS/ARM_CM4F" --define=ccs="ccs" --define=PART_TM4C123GH6PM -g --gcc --diag_warning=225 --diag_wrap=off --display_error_number --abi=eabi --preproc_with_compile --preproc_dependency="FreeRTOS/queue.d_raw" --obj_directory="FreeRTOS"  "../FreeRTOS/queue.c"
Finished building: "../FreeRTOS/queue.c"
 
Building file: "../FreeRTOS/tasks.c"
Invoking: ARM Compiler
"C:/ti/ccs920/ccs/tools/compiler/ti-cgt-arm_18.12.4.LTS/bin/armcl" -mv7M4 --code_state=16 --float_support=FPv4SPD16 -me --include_path="P:/Courses/ENCE464/Other files/Blinker/Blink" --include_path="C:/ti/TivaWare_C_Series-2.1.4.178" --include_path="C:/ti/ccs920/ccs/tools/compiler/ti-cgt-arm_18.12.4.LTS/include" --include_path="P:/Courses/ENCE464/Other files/Blinker/Blink/FreeRTOS/include" --include_path="P:/Courses/ENCE464/Other files/Blinker/Blink/FreeRTOS/portable/CCS/ARM_CM4F" --define=ccs="ccs" --define=PART_TM4C123GH6PM -g --gcc --diag_warning=225 --diag_wrap=off --display_error_number --abi=eabi --preproc_with_compile --preproc_dependency="FreeRTOS/tasks.d_raw" --obj_directory="FreeRTOS"  "../FreeRTOS/tasks.c"
Finished building: "../FreeRTOS/tasks.c"
 
Building file: "../FreeRTOS/portable/MemMang/heap_2.c"
Invoking: ARM Compiler
"C:/ti/ccs920/ccs/tools/compiler/ti-cgt-arm_18.12.4.LTS/bin/armcl" -mv7M4 --code_state=16 --float_support=FPv4SPD16 -me --include_path="P:/Courses/ENCE464/Other files/Blinker/Blink" --include_path="C:/ti/TivaWare_C_Series-2.1.4.178" --include_path="C:/ti/ccs920/ccs/tools/compiler/ti-cgt-arm_18.12.4.LTS/include" --include_path="P:/Courses/ENCE464/Other files/Blinker/Blink/FreeRTOS/include" --include_path="P:/Courses/ENCE464/Other files/Blinker/Blink/FreeRTOS/portable/CCS/ARM_CM4F" --define=ccs="ccs" --define=PART_TM4C123GH6PM -g --gcc --diag_warning=225 --diag_wrap=off --display_error_number --abi=eabi --preproc_with_compile --preproc_dependency="FreeRTOS/portable/MemMang/heap_2.d_raw" --obj_directory="FreeRTOS/portable/MemMang"  "../FreeRTOS/portable/MemMang/heap_2.c"
Finished building: "../FreeRTOS/portable/MemMang/heap_2.c"
 
Building target: "Blink.out"
Invoking: ARM Linker
"C:/ti/ccs920/ccs/tools/compiler/ti-cgt-arm_18.12.4.LTS/bin/armcl" -mv7M4 --code_state=16 --float_support=FPv4SPD16 -me --define=ccs="ccs" --define=PART_TM4C123GH6PM -g --gcc --diag_warning=225 --diag_wrap=off --display_error_number --abi=eabi -z -m"Blink.map" --heap_size=0 --stack_size=512 -i"C:/ti/ccs920/ccs/tools/compiler/ti-cgt-arm_18.12.4.LTS/lib" -i"C:/ti/ccs920/ccs/tools/compiler/ti-cgt-arm_18.12.4.LTS/include" --reread_libs --diag_wrap=off --display_error_number --warn_sections --xml_link_info="Blink_linkInfo.xml" --rom_model -o "Blink.out" "./main.obj" "./tm4c123gh6pm_startup_ccs.obj" "./FreeRTOS/croutine.obj" "./FreeRTOS/event_groups.obj" "./FreeRTOS/list.obj" "./FreeRTOS/queue.obj" "./FreeRTOS/stream_buffer.obj" "./FreeRTOS/tasks.obj" "./FreeRTOS/timers.obj" "./FreeRTOS/portable/CCS/ARM_CM4F/port.obj" "./FreeRTOS/portable/CCS/ARM_CM4F/portasm.obj" "./FreeRTOS/portable/MemMang/heap_2.obj" "../tm4c123gh6pm.cmd"  -l"C:/ti/TivaWare_C_Series-2.1.4.178/driverlib/ccs/Debug/driverlib.lib" -llibc.a 
<Linking>
Finished building target: "Blink.out"
 

**** Build Finished ****

**** Build of configuration Debug for project Blink ****

"C:\\ti\\ccs920\\ccs\\utils\\bin\\gmake" -k -j 8 all -O 
 
gmake[1]: 'Blink.out' is up to date.

**** Build Finished ****

**** Build of configuration Debug for project Blink ****

"C:\\ti\\ccs920\\ccs\\utils\\bin\\gmake" -k -j 8 all -O 
 
Building file: "../tm4c123gh6pm_startup_ccs.c"
Invoking: ARM Compiler
"C:/ti/ccs920/ccs/tools/compiler/ti-cgt-arm_18.12.4.LTS/bin/armcl" -mv7M4 --code_state=16 --float_support=FPv4SPD16 -me --include_path="P:/Courses/ENCE464/Other files/Blinker/Blink" --include_path="C:/ti/TivaWare_C_Series-2.1.4.178" --include_path="C:/ti/ccs920/ccs/tools/compiler/ti-cgt-arm_18.12.4.LTS/include" --include_path="P:/Courses/ENCE464/Other files/Blinker/Blink/FreeRTOS/include" --include_path="P:/Courses/ENCE464/Other files/Blinker/Blink/FreeRTOS/portable/CCS/ARM_CM4F" --define=ccs="ccs" --define=PART_TM4C123GH6PM -g --gcc --diag_warning=225 --diag_wrap=off --display_error_number --abi=eabi --preproc_with_compile --preproc_dependency="tm4c123gh6pm_startup_ccs.d_raw"  "../tm4c123gh6pm_startup_ccs.c"
Finished building: "../tm4c123gh6pm_startup_ccs.c"
 
Building target: "Blink.out"
Invoking: ARM Linker
"C:/ti/ccs920/ccs/tools/compiler/ti-cgt-arm_18.12.4.LTS/bin/armcl" -mv7M4 --code_state=16 --float_support=FPv4SPD16 -me --define=ccs="ccs" --define=PART_TM4C123GH6PM -g --gcc --diag_warning=225 --diag_wrap=off --display_error_number --abi=eabi -z -m"Blink.map" --heap_size=0 --stack_size=512 -i"C:/ti/ccs920/ccs/tools/compiler/ti-cgt-arm_18.12.4.LTS/lib" -i"C:/ti/ccs920/ccs/tools/compiler/ti-cgt-arm_18.12.4.LTS/include" --reread_libs --diag_wrap=off --display_error_number --warn_sections --xml_link_info="Blink_linkInfo.xml" --rom_model -o "Blink.out" "./main.obj" "./tm4c123gh6pm_startup_ccs.obj" "./FreeRTOS/croutine.obj" "./FreeRTOS/event_groups.obj" "./FreeRTOS/list.obj" "./FreeRTOS/queue.obj" "./FreeRTOS/stream_buffer.obj" "./FreeRTOS/tasks.obj" "./FreeRTOS/timers.obj" "./FreeRTOS/portable/CCS/ARM_CM4F/port.obj" "./FreeRTOS/portable/CCS/ARM_CM4F/portasm.obj" "./FreeRTOS/portable/MemMang/heap_2.obj" "../tm4c123gh6pm.cmd"  -l"C:/ti/TivaWare_C_Series-2.1.4.178/driverlib/ccs/Debug/driverlib.lib" -llibc.a 
<Linking>
Finished building target: "Blink.out"
 

**** Build Finished ****

**** Build of configuration Debug for project Blink ****

"C:\\ti\\ccs920\\ccs\\utils\\bin\\gmake" -k -j 8 all -O 
 
gmake[1]: 'Blink.out' is up to date.

**** Build Finished ****

**** Build of configuration Debug for project Blink ****

"C:\\ti\\ccs920\\ccs\\utils\\bin\\gmake" -k -j 8 all -O 
 
gmake[1]: 'Blink.out' is up to date.

**** Build Finished ****

**** Clean-only build of configuration Debug for project freertos_demo ****

"C:\\ti\\ccs920\\ccs\\utils\\bin\\gmake" -k clean 
 
DEL /F  "freertos_demo.bin"  "freertos_demo.out" 
DEL /F "freertos_demo.obj" "led_task.obj" "startup_ccs.obj" "switch_task.obj" "FreeRTOS\Source\croutine.obj" "FreeRTOS\Source\event_groups.obj" "FreeRTOS\Source\list.obj" "FreeRTOS\Source\queue.obj" "FreeRTOS\Source\stream_buffer.obj" "FreeRTOS\Source\tasks.obj" "FreeRTOS\Source\timers.obj" "FreeRTOS\Source\portable\CCS\ARM_CM4F\port.obj" "FreeRTOS\Source\portable\CCS\ARM_CM4F\portasm.obj" "FreeRTOS\Source\portable\MemMang\heap_2.obj" "drivers\buttons.obj" "drivers\rgb.obj" "utils\uartstdio.obj" "utils\ustdlib.obj" 
DEL /F "freertos_demo.d" "led_task.d" "startup_ccs.d" "switch_task.d" "FreeRTOS\Source\croutine.d" "FreeRTOS\Source\event_groups.d" "FreeRTOS\Source\list.d" "FreeRTOS\Source\queue.d" "FreeRTOS\Source\stream_buffer.d" "FreeRTOS\Source\tasks.d" "FreeRTOS\Source\timers.d" "FreeRTOS\Source\portable\CCS\ARM_CM4F\port.d" "FreeRTOS\Source\portable\MemMang\heap_2.d" "drivers\buttons.d" "drivers\rgb.d" "utils\uartstdio.d" "utils\ustdlib.d" 
DEL /F "FreeRTOS\Source\portable\CCS\ARM_CM4F\portasm.d" 
Could Not Find P:\Courses\ENCE464\Other files\Blinker\freertos_demo\Debug\FreeRTOS\Source\portable\CCS\ARM_CM4F\portasm.d
Finished clean
 

**** Build Finished ****

**** Build of configuration Debug for project freertos_demo ****

"C:\\ti\\ccs920\\ccs\\utils\\bin\\gmake" -k all 
 
Building file: "../freertos_demo.c"
Invoking: ARM Compiler
"C:/ti/ccs920/ccs/tools/compiler/ti-cgt-arm_18.12.3.LTS/bin/armcl" -mv7M4 --code_state=16 --float_support=FPv4SPD16 -me --include_path="P:/Courses/ENCE464/Other files/Blinker/freertos_demo" --include_path="P:/Courses/ENCE464/Other files/Blinker/freertos_demo/FreeRTOS" --include_path="C:/ti/TivaWare_C_Series-2.1.4.178/examples/boards/ek-tm4c123gxl/drivers" --include_path="P:/Courses/ENCE464/Other files/Blinker/freertos_demo/FreeRTOS/include" --include_path="P:/Courses/ENCE464/Other files/Blinker/freertos_demo/FreeRTOS/Source/portable/CCS/ARM_CM4F" --include_path="C:/ti/TivaWare_C_Series-2.1.4.178" --include_path="C:/ti/ccs920/ccs/tools/compiler/ti-cgt-arm_18.12.4.LTS/include" --define=ccs="ccs" --define=TARGET_IS_TM4C123_RB2 --define=PART_TM4C123GH6PM --gcc --abi=eabi --preproc_with_compile --preproc_dependency="freertos_demo.d_raw"  "../freertos_demo.c"
Finished building: "../freertos_demo.c"
 
Building file: "../led_task.c"
Invoking: ARM Compiler
"C:/ti/ccs920/ccs/tools/compiler/ti-cgt-arm_18.12.3.LTS/bin/armcl" -mv7M4 --code_state=16 --float_support=FPv4SPD16 -me --include_path="P:/Courses/ENCE464/Other files/Blinker/freertos_demo" --include_path="P:/Courses/ENCE464/Other files/Blinker/freertos_demo/FreeRTOS" --include_path="C:/ti/TivaWare_C_Series-2.1.4.178/examples/boards/ek-tm4c123gxl/drivers" --include_path="P:/Courses/ENCE464/Other files/Blinker/freertos_demo/FreeRTOS/include" --include_path="P:/Courses/ENCE464/Other files/Blinker/freertos_demo/FreeRTOS/Source/portable/CCS/ARM_CM4F" --include_path="C:/ti/TivaWare_C_Series-2.1.4.178" --include_path="C:/ti/ccs920/ccs/tools/compiler/ti-cgt-arm_18.12.4.LTS/include" --define=ccs="ccs" --define=TARGET_IS_TM4C123_RB2 --define=PART_TM4C123GH6PM --gcc --abi=eabi --preproc_with_compile --preproc_dependency="led_task.d_raw"  "../led_task.c"
Finished building: "../led_task.c"
 
Building file: "../startup_ccs.c"
Invoking: ARM Compiler
"C:/ti/ccs920/ccs/tools/compiler/ti-cgt-arm_18.12.3.LTS/bin/armcl" -mv7M4 --code_state=16 --float_support=FPv4SPD16 -me --include_path="P:/Courses/ENCE464/Other files/Blinker/freertos_demo" --include_path="P:/Courses/ENCE464/Other files/Blinker/freertos_demo/FreeRTOS" --include_path="C:/ti/TivaWare_C_Series-2.1.4.178/examples/boards/ek-tm4c123gxl/drivers" --include_path="P:/Courses/ENCE464/Other files/Blinker/freertos_demo/FreeRTOS/include" --include_path="P:/Courses/ENCE464/Other files/Blinker/freertos_demo/FreeRTOS/Source/portable/CCS/ARM_CM4F" --include_path="C:/ti/TivaWare_C_Series-2.1.4.178" --include_path="C:/ti/ccs920/ccs/tools/compiler/ti-cgt-arm_18.12.4.LTS/include" --define=ccs="ccs" --define=TARGET_IS_TM4C123_RB2 --define=PART_TM4C123GH6PM --gcc --abi=eabi --preproc_with_compile --preproc_dependency="startup_ccs.d_raw"  "../startup_ccs.c"
Finished building: "../startup_ccs.c"
 
Building file: "../switch_task.c"
Invoking: ARM Compiler
"C:/ti/ccs920/ccs/tools/compiler/ti-cgt-arm_18.12.3.LTS/bin/armcl" -mv7M4 --code_state=16 --float_support=FPv4SPD16 -me --include_path="P:/Courses/ENCE464/Other files/Blinker/freertos_demo" --include_path="P:/Courses/ENCE464/Other files/Blinker/freertos_demo/FreeRTOS" --include_path="C:/ti/TivaWare_C_Series-2.1.4.178/examples/boards/ek-tm4c123gxl/drivers" --include_path="P:/Courses/ENCE464/Other files/Blinker/freertos_demo/FreeRTOS/include" --include_path="P:/Courses/ENCE464/Other files/Blinker/freertos_demo/FreeRTOS/Source/portable/CCS/ARM_CM4F" --include_path="C:/ti/TivaWare_C_Series-2.1.4.178" --include_path="C:/ti/ccs920/ccs/tools/compiler/ti-cgt-arm_18.12.4.LTS/include" --define=ccs="ccs" --define=TARGET_IS_TM4C123_RB2 --define=PART_TM4C123GH6PM --gcc --abi=eabi --preproc_with_compile --preproc_dependency="switch_task.d_raw"  "../switch_task.c"
Finished building: "../switch_task.c"
 
Building file: "../FreeRTOS/Source/croutine.c"
Invoking: ARM Compiler
"C:/ti/ccs920/ccs/tools/compiler/ti-cgt-arm_18.12.3.LTS/bin/armcl" -mv7M4 --code_state=16 --float_support=FPv4SPD16 -me --include_path="P:/Courses/ENCE464/Other files/Blinker/freertos_demo" --include_path="P:/Courses/ENCE464/Other files/Blinker/freertos_demo/FreeRTOS" --include_path="C:/ti/TivaWare_C_Series-2.1.4.178/examples/boards/ek-tm4c123gxl/drivers" --include_path="P:/Courses/ENCE464/Other files/Blinker/freertos_demo/FreeRTOS/include" --include_path="P:/Courses/ENCE464/Other files/Blinker/freertos_demo/FreeRTOS/Source/portable/CCS/ARM_CM4F" --include_path="C:/ti/TivaWare_C_Series-2.1.4.178" --include_path="C:/ti/ccs920/ccs/tools/compiler/ti-cgt-arm_18.12.4.LTS/include" --define=ccs="ccs" --define=TARGET_IS_TM4C123_RB2 --define=PART_TM4C123GH6PM --gcc --abi=eabi --preproc_with_compile --preproc_dependency="FreeRTOS/Source/croutine.d_raw" --obj_directory="FreeRTOS/Source"  "../FreeRTOS/Source/croutine.c"
Finished building: "../FreeRTOS/Source/croutine.c"
 
Building file: "../FreeRTOS/Source/event_groups.c"
Invoking: ARM Compiler
"C:/ti/ccs920/ccs/tools/compiler/ti-cgt-arm_18.12.3.LTS/bin/armcl" -mv7M4 --code_state=16 --float_support=FPv4SPD16 -me --include_path="P:/Courses/ENCE464/Other files/Blinker/freertos_demo" --include_path="P:/Courses/ENCE464/Other files/Blinker/freertos_demo/FreeRTOS" --include_path="C:/ti/TivaWare_C_Series-2.1.4.178/examples/boards/ek-tm4c123gxl/drivers" --include_path="P:/Courses/ENCE464/Other files/Blinker/freertos_demo/FreeRTOS/include" --include_path="P:/Courses/ENCE464/Other files/Blinker/freertos_demo/FreeRTOS/Source/portable/CCS/ARM_CM4F" --include_path="C:/ti/TivaWare_C_Series-2.1.4.178" --include_path="C:/ti/ccs920/ccs/tools/compiler/ti-cgt-arm_18.12.4.LTS/include" --define=ccs="ccs" --define=TARGET_IS_TM4C123_RB2 --define=PART_TM4C123GH6PM --gcc --abi=eabi --preproc_with_compile --preproc_dependency="FreeRTOS/Source/event_groups.d_raw" --obj_directory="FreeRTOS/Source"  "../FreeRTOS/Source/event_groups.c"
Finished building: "../FreeRTOS/Source/event_groups.c"
 
Building file: "../FreeRTOS/Source/list.c"
Invoking: ARM Compiler
"C:/ti/ccs920/ccs/tools/compiler/ti-cgt-arm_18.12.3.LTS/bin/armcl" -mv7M4 --code_state=16 --float_support=FPv4SPD16 -me --include_path="P:/Courses/ENCE464/Other files/Blinker/freertos_demo" --include_path="P:/Courses/ENCE464/Other files/Blinker/freertos_demo/FreeRTOS" --include_path="C:/ti/TivaWare_C_Series-2.1.4.178/examples/boards/ek-tm4c123gxl/drivers" --include_path="P:/Courses/ENCE464/Other files/Blinker/freertos_demo/FreeRTOS/include" --include_path="P:/Courses/ENCE464/Other files/Blinker/freertos_demo/FreeRTOS/Source/portable/CCS/ARM_CM4F" --include_path="C:/ti/TivaWare_C_Series-2.1.4.178" --include_path="C:/ti/ccs920/ccs/tools/compiler/ti-cgt-arm_18.12.4.LTS/include" --define=ccs="ccs" --define=TARGET_IS_TM4C123_RB2 --define=PART_TM4C123GH6PM --gcc --abi=eabi --preproc_with_compile --preproc_dependency="FreeRTOS/Source/list.d_raw" --obj_directory="FreeRTOS/Source"  "../FreeRTOS/Source/list.c"
Finished building: "../FreeRTOS/Source/list.c"
 
Building file: "../FreeRTOS/Source/queue.c"
Invoking: ARM Compiler
"C:/ti/ccs920/ccs/tools/compiler/ti-cgt-arm_18.12.3.LTS/bin/armcl" -mv7M4 --code_state=16 --float_support=FPv4SPD16 -me --include_path="P:/Courses/ENCE464/Other files/Blinker/freertos_demo" --include_path="P:/Courses/ENCE464/Other files/Blinker/freertos_demo/FreeRTOS" --include_path="C:/ti/TivaWare_C_Series-2.1.4.178/examples/boards/ek-tm4c123gxl/drivers" --include_path="P:/Courses/ENCE464/Other files/Blinker/freertos_demo/FreeRTOS/include" --include_path="P:/Courses/ENCE464/Other files/Blinker/freertos_demo/FreeRTOS/Source/portable/CCS/ARM_CM4F" --include_path="C:/ti/TivaWare_C_Series-2.1.4.178" --include_path="C:/ti/ccs920/ccs/tools/compiler/ti-cgt-arm_18.12.4.LTS/include" --define=ccs="ccs" --define=TARGET_IS_TM4C123_RB2 --define=PART_TM4C123GH6PM --gcc --abi=eabi --preproc_with_compile --preproc_dependency="FreeRTOS/Source/queue.d_raw" --obj_directory="FreeRTOS/Source"  "../FreeRTOS/Source/queue.c"
Finished building: "../FreeRTOS/Source/queue.c"
 
Building file: "../FreeRTOS/Source/stream_buffer.c"
Invoking: ARM Compiler
"C:/ti/ccs920/ccs/tools/compiler/ti-cgt-arm_18.12.3.LTS/bin/armcl" -mv7M4 --code_state=16 --float_support=FPv4SPD16 -me --include_path="P:/Courses/ENCE464/Other files/Blinker/freertos_demo" --include_path="P:/Courses/ENCE464/Other files/Blinker/freertos_demo/FreeRTOS" --include_path="C:/ti/TivaWare_C_Series-2.1.4.178/examples/boards/ek-tm4c123gxl/drivers" --include_path="P:/Courses/ENCE464/Other files/Blinker/freertos_demo/FreeRTOS/include" --include_path="P:/Courses/ENCE464/Other files/Blinker/freertos_demo/FreeRTOS/Source/portable/CCS/ARM_CM4F" --include_path="C:/ti/TivaWare_C_Series-2.1.4.178" --include_path="C:/ti/ccs920/ccs/tools/compiler/ti-cgt-arm_18.12.4.LTS/include" --define=ccs="ccs" --define=TARGET_IS_TM4C123_RB2 --define=PART_TM4C123GH6PM --gcc --abi=eabi --preproc_with_compile --preproc_dependency="FreeRTOS/Source/stream_buffer.d_raw" --obj_directory="FreeRTOS/Source"  "../FreeRTOS/Source/stream_buffer.c"
Finished building: "../FreeRTOS/Source/stream_buffer.c"
 
Building file: "../FreeRTOS/Source/tasks.c"
Invoking: ARM Compiler
"C:/ti/ccs920/ccs/tools/compiler/ti-cgt-arm_18.12.3.LTS/bin/armcl" -mv7M4 --code_state=16 --float_support=FPv4SPD16 -me --include_path="P:/Courses/ENCE464/Other files/Blinker/freertos_demo" --include_path="P:/Courses/ENCE464/Other files/Blinker/freertos_demo/FreeRTOS" --include_path="C:/ti/TivaWare_C_Series-2.1.4.178/examples/boards/ek-tm4c123gxl/drivers" --include_path="P:/Courses/ENCE464/Other files/Blinker/freertos_demo/FreeRTOS/include" --include_path="P:/Courses/ENCE464/Other files/Blinker/freertos_demo/FreeRTOS/Source/portable/CCS/ARM_CM4F" --include_path="C:/ti/TivaWare_C_Series-2.1.4.178" --include_path="C:/ti/ccs920/ccs/tools/compiler/ti-cgt-arm_18.12.4.LTS/include" --define=ccs="ccs" --define=TARGET_IS_TM4C123_RB2 --define=PART_TM4C123GH6PM --gcc --abi=eabi --preproc_with_compile --preproc_dependency="FreeRTOS/Source/tasks.d_raw" --obj_directory="FreeRTOS/Source"  "../FreeRTOS/Source/tasks.c"
Finished building: "../FreeRTOS/Source/tasks.c"
 
Building file: "../FreeRTOS/Source/timers.c"
Invoking: ARM Compiler
"C:/ti/ccs920/ccs/tools/compiler/ti-cgt-arm_18.12.3.LTS/bin/armcl" -mv7M4 --code_state=16 --float_support=FPv4SPD16 -me --include_path="P:/Courses/ENCE464/Other files/Blinker/freertos_demo" --include_path="P:/Courses/ENCE464/Other files/Blinker/freertos_demo/FreeRTOS" --include_path="C:/ti/TivaWare_C_Series-2.1.4.178/examples/boards/ek-tm4c123gxl/drivers" --include_path="P:/Courses/ENCE464/Other files/Blinker/freertos_demo/FreeRTOS/include" --include_path="P:/Courses/ENCE464/Other files/Blinker/freertos_demo/FreeRTOS/Source/portable/CCS/ARM_CM4F" --include_path="C:/ti/TivaWare_C_Series-2.1.4.178" --include_path="C:/ti/ccs920/ccs/tools/compiler/ti-cgt-arm_18.12.4.LTS/include" --define=ccs="ccs" --define=TARGET_IS_TM4C123_RB2 --define=PART_TM4C123GH6PM --gcc --abi=eabi --preproc_with_compile --preproc_dependency="FreeRTOS/Source/timers.d_raw" --obj_directory="FreeRTOS/Source"  "../FreeRTOS/Source/timers.c"
Finished building: "../FreeRTOS/Source/timers.c"
 
Building file: "../FreeRTOS/Source/portable/CCS/ARM_CM4F/port.c"
Invoking: ARM Compiler
"C:/ti/ccs920/ccs/tools/compiler/ti-cgt-arm_18.12.3.LTS/bin/armcl" -mv7M4 --code_state=16 --float_support=FPv4SPD16 -me --include_path="P:/Courses/ENCE464/Other files/Blinker/freertos_demo" --include_path="P:/Courses/ENCE464/Other files/Blinker/freertos_demo/FreeRTOS" --include_path="C:/ti/TivaWare_C_Series-2.1.4.178/examples/boards/ek-tm4c123gxl/drivers" --include_path="P:/Courses/ENCE464/Other files/Blinker/freertos_demo/FreeRTOS/include" --include_path="P:/Courses/ENCE464/Other files/Blinker/freertos_demo/FreeRTOS/Source/portable/CCS/ARM_CM4F" --include_path="C:/ti/TivaWare_C_Series-2.1.4.178" --include_path="C:/ti/ccs920/ccs/tools/compiler/ti-cgt-arm_18.12.4.LTS/include" --define=ccs="ccs" --define=TARGET_IS_TM4C123_RB2 --define=PART_TM4C123GH6PM --gcc --abi=eabi --preproc_with_compile --preproc_dependency="FreeRTOS/Source/portable/CCS/ARM_CM4F/port.d_raw" --obj_directory="FreeRTOS/Source/portable/CCS/ARM_CM4F"  "../FreeRTOS/Source/portable/CCS/ARM_CM4F/port.c"
Finished building: "../FreeRTOS/Source/portable/CCS/ARM_CM4F/port.c"
 
Building file: "../FreeRTOS/Source/portable/CCS/ARM_CM4F/portasm.asm"
Invoking: ARM Compiler
"C:/ti/ccs920/ccs/tools/compiler/ti-cgt-arm_18.12.3.LTS/bin/armcl" -mv7M4 --code_state=16 --float_support=FPv4SPD16 -me --include_path="P:/Courses/ENCE464/Other files/Blinker/freertos_demo" --include_path="P:/Courses/ENCE464/Other files/Blinker/freertos_demo/FreeRTOS" --include_path="C:/ti/TivaWare_C_Series-2.1.4.178/examples/boards/ek-tm4c123gxl/drivers" --include_path="P:/Courses/ENCE464/Other files/Blinker/freertos_demo/FreeRTOS/include" --include_path="P:/Courses/ENCE464/Other files/Blinker/freertos_demo/FreeRTOS/Source/portable/CCS/ARM_CM4F" --include_path="C:/ti/TivaWare_C_Series-2.1.4.178" --include_path="C:/ti/ccs920/ccs/tools/compiler/ti-cgt-arm_18.12.4.LTS/include" --define=ccs="ccs" --define=TARGET_IS_TM4C123_RB2 --define=PART_TM4C123GH6PM --gcc --abi=eabi --preproc_with_compile --preproc_dependency="FreeRTOS/Source/portable/CCS/ARM_CM4F/portasm.d_raw" --obj_directory="FreeRTOS/Source/portable/CCS/ARM_CM4F"  "../FreeRTOS/Source/portable/CCS/ARM_CM4F/portasm.asm"
Finished building: "../FreeRTOS/Source/portable/CCS/ARM_CM4F/portasm.asm"
 
Building file: "../FreeRTOS/Source/portable/MemMang/heap_2.c"
Invoking: ARM Compiler
"C:/ti/ccs920/ccs/tools/compiler/ti-cgt-arm_18.12.3.LTS/bin/armcl" -mv7M4 --code_state=16 --float_support=FPv4SPD16 -me --include_path="P:/Courses/ENCE464/Other files/Blinker/freertos_demo" --include_path="P:/Courses/ENCE464/Other files/Blinker/freertos_demo/FreeRTOS" --include_path="C:/ti/TivaWare_C_Series-2.1.4.178/examples/boards/ek-tm4c123gxl/drivers" --include_path="P:/Courses/ENCE464/Other files/Blinker/freertos_demo/FreeRTOS/include" --include_path="P:/Courses/ENCE464/Other files/Blinker/freertos_demo/FreeRTOS/Source/portable/CCS/ARM_CM4F" --include_path="C:/ti/TivaWare_C_Series-2.1.4.178" --include_path="C:/ti/ccs920/ccs/tools/compiler/ti-cgt-arm_18.12.4.LTS/include" --define=ccs="ccs" --define=TARGET_IS_TM4C123_RB2 --define=PART_TM4C123GH6PM --gcc --abi=eabi --preproc_with_compile --preproc_dependency="FreeRTOS/Source/portable/MemMang/heap_2.d_raw" --obj_directory="FreeRTOS/Source/portable/MemMang"  "../FreeRTOS/Source/portable/MemMang/heap_2.c"
Finished building: "../FreeRTOS/Source/portable/MemMang/heap_2.c"
 
Building file: "../drivers/buttons.c"
Invoking: ARM Compiler
"C:/ti/ccs920/ccs/tools/compiler/ti-cgt-arm_18.12.3.LTS/bin/armcl" -mv7M4 --code_state=16 --float_support=FPv4SPD16 -me --include_path="P:/Courses/ENCE464/Other files/Blinker/freertos_demo" --include_path="P:/Courses/ENCE464/Other files/Blinker/freertos_demo/FreeRTOS" --include_path="C:/ti/TivaWare_C_Series-2.1.4.178/examples/boards/ek-tm4c123gxl/drivers" --include_path="P:/Courses/ENCE464/Other files/Blinker/freertos_demo/FreeRTOS/include" --include_path="P:/Courses/ENCE464/Other files/Blinker/freertos_demo/FreeRTOS/Source/portable/CCS/ARM_CM4F" --include_path="C:/ti/TivaWare_C_Series-2.1.4.178" --include_path="C:/ti/ccs920/ccs/tools/compiler/ti-cgt-arm_18.12.4.LTS/include" --define=ccs="ccs" --define=TARGET_IS_TM4C123_RB2 --define=PART_TM4C123GH6PM --gcc --abi=eabi --preproc_with_compile --preproc_dependency="drivers/buttons.d_raw" --obj_directory="drivers"  "../drivers/buttons.c"
Finished building: "../drivers/buttons.c"
 
Building file: "../drivers/rgb.c"
Invoking: ARM Compiler
"C:/ti/ccs920/ccs/tools/compiler/ti-cgt-arm_18.12.3.LTS/bin/armcl" -mv7M4 --code_state=16 --float_support=FPv4SPD16 -me --include_path="P:/Courses/ENCE464/Other files/Blinker/freertos_demo" --include_path="P:/Courses/ENCE464/Other files/Blinker/freertos_demo/FreeRTOS" --include_path="C:/ti/TivaWare_C_Series-2.1.4.178/examples/boards/ek-tm4c123gxl/drivers" --include_path="P:/Courses/ENCE464/Other files/Blinker/freertos_demo/FreeRTOS/include" --include_path="P:/Courses/ENCE464/Other files/Blinker/freertos_demo/FreeRTOS/Source/portable/CCS/ARM_CM4F" --include_path="C:/ti/TivaWare_C_Series-2.1.4.178" --include_path="C:/ti/ccs920/ccs/tools/compiler/ti-cgt-arm_18.12.4.LTS/include" --define=ccs="ccs" --define=TARGET_IS_TM4C123_RB2 --define=PART_TM4C123GH6PM --gcc --abi=eabi --preproc_with_compile --preproc_dependency="drivers/rgb.d_raw" --obj_directory="drivers"  "../drivers/rgb.c"
Finished building: "../drivers/rgb.c"
 
Building file: "../utils/uartstdio.c"
Invoking: ARM Compiler
"C:/ti/ccs920/ccs/tools/compiler/ti-cgt-arm_18.12.3.LTS/bin/armcl" -mv7M4 --code_state=16 --float_support=FPv4SPD16 -me --include_path="P:/Courses/ENCE464/Other files/Blinker/freertos_demo" --include_path="P:/Courses/ENCE464/Other files/Blinker/freertos_demo/FreeRTOS" --include_path="C:/ti/TivaWare_C_Series-2.1.4.178/examples/boards/ek-tm4c123gxl/drivers" --include_path="P:/Courses/ENCE464/Other files/Blinker/freertos_demo/FreeRTOS/include" --include_path="P:/Courses/ENCE464/Other files/Blinker/freertos_demo/FreeRTOS/Source/portable/CCS/ARM_CM4F" --include_path="C:/ti/TivaWare_C_Series-2.1.4.178" --include_path="C:/ti/ccs920/ccs/tools/compiler/ti-cgt-arm_18.12.4.LTS/include" --define=ccs="ccs" --define=TARGET_IS_TM4C123_RB2 --define=PART_TM4C123GH6PM --gcc --abi=eabi --preproc_with_compile --preproc_dependency="utils/uartstdio.d_raw" --obj_directory="utils"  "../utils/uartstdio.c"
Finished building: "../utils/uartstdio.c"
 
Building file: "../utils/ustdlib.c"
Invoking: ARM Compiler
"C:/ti/ccs920/ccs/tools/compiler/ti-cgt-arm_18.12.3.LTS/bin/armcl" -mv7M4 --code_state=16 --float_support=FPv4SPD16 -me --include_path="P:/Courses/ENCE464/Other files/Blinker/freertos_demo" --include_path="P:/Courses/ENCE464/Other files/Blinker/freertos_demo/FreeRTOS" --include_path="C:/ti/TivaWare_C_Series-2.1.4.178/examples/boards/ek-tm4c123gxl/drivers" --include_path="P:/Courses/ENCE464/Other files/Blinker/freertos_demo/FreeRTOS/include" --include_path="P:/Courses/ENCE464/Other files/Blinker/freertos_demo/FreeRTOS/Source/portable/CCS/ARM_CM4F" --include_path="C:/ti/TivaWare_C_Series-2.1.4.178" --include_path="C:/ti/ccs920/ccs/tools/compiler/ti-cgt-arm_18.12.4.LTS/include" --define=ccs="ccs" --define=TARGET_IS_TM4C123_RB2 --define=PART_TM4C123GH6PM --gcc --abi=eabi --preproc_with_compile --preproc_dependency="utils/ustdlib.d_raw" --obj_directory="utils"  "../utils/ustdlib.c"
Finished building: "../utils/ustdlib.c"
 
Building target: "freertos_demo.out"
Invoking: ARM Linker
"C:/ti/ccs920/ccs/tools/compiler/ti-cgt-arm_18.12.3.LTS/bin/armcl" -mv7M4 --code_state=16 --float_support=FPv4SPD16 -me --define=ccs="ccs" --define=TARGET_IS_TM4C123_RB2 --define=PART_TM4C123GH6PM --gcc --abi=eabi -z -m"freertos_demo.map" --heap_size=0 --stack_size=512 -i"C:/ti/ccs920/ccs/tools/compiler/ti-cgt-arm_18.12.3.LTS/lib" -i"C:/ti/ccs920/ccs/tools/compiler/ti-cgt-arm_18.12.3.LTS/include" --reread_libs --warn_sections --rom_model -o "freertos_demo.out" "./freertos_demo.obj" "./led_task.obj" "./startup_ccs.obj" "./switch_task.obj" "./FreeRTOS/Source/croutine.obj" "./FreeRTOS/Source/event_groups.obj" "./FreeRTOS/Source/list.obj" "./FreeRTOS/Source/queue.obj" "./FreeRTOS/Source/stream_buffer.obj" "./FreeRTOS/Source/tasks.obj" "./FreeRTOS/Source/timers.obj" "./FreeRTOS/Source/portable/CCS/ARM_CM4F/port.obj" "./FreeRTOS/Source/portable/CCS/ARM_CM4F/portasm.obj" "./FreeRTOS/Source/portable/MemMang/heap_2.obj" "./drivers/buttons.obj" "./drivers/rgb.obj" "./utils/uartstdio.obj" "./utils/ustdlib.obj" "../freertos_demo_ccs.cmd"  -l"C:/ti/TivaWare_C_Series-2.1.4.178/driverlib/ccs/Debug/driverlib.lib" -llibc.a 
<Linking>
Finished building target: "freertos_demo.out"
 
"C:/ti/ccs920/ccs/utils/tiobj2bin/tiobj2bin" "freertos_demo.out" "freertos_demo.bin" "C:/ti/ccs920/ccs/tools/compiler/ti-cgt-arm_18.12.3.LTS/bin/armofd" "C:/ti/ccs920/ccs/tools/compiler/ti-cgt-arm_18.12.3.LTS/bin/armhex" "C:/ti/ccs920/ccs/utils/tiobj2bin/mkhex4bin"
 

**** Build Finished ****

**** Build of configuration Debug for project freertos_demo ****

"C:\\ti\\ccs920\\ccs\\utils\\bin\\gmake" -k all 
 
gmake: Nothing to be done for 'all'.

**** Build Finished ****

**** Build of configuration Debug for project Blink ****

"C:\\ti\\ccs920\\ccs\\utils\\bin\\gmake" -k -j 8 all -O 
 
Building target: "Blink.out"
Invoking: ARM Linker
"C:/ti/ccs920/ccs/tools/compiler/ti-cgt-arm_18.12.4.LTS/bin/armcl" -mv7M4 --code_state=16 --float_support=FPv4SPD16 -me --define=ccs="ccs" --define=PART_TM4C123GH6PM -g --gcc --diag_warning=225 --diag_wrap=off --display_error_number --abi=eabi -z -m"Blink.map" --heap_size=0 --stack_size=512 -i"C:/ti/ccs920/ccs/tools/compiler/ti-cgt-arm_18.12.4.LTS/lib" -i"C:/ti/ccs920/ccs/tools/compiler/ti-cgt-arm_18.12.4.LTS/include" --reread_libs --diag_wrap=off --display_error_number --warn_sections --xml_link_info="Blink_linkInfo.xml" --rom_model -o "Blink.out" "./tm4c123gh6pm_startup_ccs.obj" "./FreeRTOS/croutine.obj" "./FreeRTOS/event_groups.obj" "./FreeRTOS/list.obj" "./FreeRTOS/queue.obj" "./FreeRTOS/stream_buffer.obj" "./FreeRTOS/tasks.obj" "./FreeRTOS/timers.obj" "./FreeRTOS/portable/CCS/ARM_CM4F/port.obj" "./FreeRTOS/portable/CCS/ARM_CM4F/portasm.obj" "./FreeRTOS/portable/MemMang/heap_2.obj" "../tm4c123gh6pm.cmd"  -l"C:/ti/TivaWare_C_Series-2.1.4.178/driverlib/ccs/Debug/driverlib.lib" -llibc.a 
<Linking>
 
 undefined first referenced                                                                                             
  symbol       in file                                                                                                  
 --------- ----------------                                                                                             
 main      C:\ti\ccs920\ccs\tools\compiler\ti-cgt-arm_18.12.4.LTS\lib\rtsv7M4_T_le_v4SPD16_eabi.lib<boot_cortex_m.c.obj>
 
error #10234-D: unresolved symbols remain
 
error #10010: errors encountered during linking; "Blink.out" not built
>> Compilation failure
makefile:158: recipe for target 'Blink.out' failed
gmake[1]: *** [Blink.out] Error 1
gmake: *** [all] Error 2
makefile:154: recipe for target 'all' failed

**** Build Finished ****

**** Build of configuration Debug for project Blink ****

"C:\\ti\\ccs920\\ccs\\utils\\bin\\gmake" -k -j 8 all -O 
 
Building target: "Blink.out"
Invoking: ARM Linker
"C:/ti/ccs920/ccs/tools/compiler/ti-cgt-arm_18.12.4.LTS/bin/armcl" -mv7M4 --code_state=16 --float_support=FPv4SPD16 -me --define=ccs="ccs" --define=PART_TM4C123GH6PM -g --gcc --diag_warning=225 --diag_wrap=off --display_error_number --abi=eabi -z -m"Blink.map" --heap_size=0 --stack_size=512 -i"C:/ti/ccs920/ccs/tools/compiler/ti-cgt-arm_18.12.4.LTS/lib" -i"C:/ti/ccs920/ccs/tools/compiler/ti-cgt-arm_18.12.4.LTS/include" --reread_libs --diag_wrap=off --display_error_number --warn_sections --xml_link_info="Blink_linkInfo.xml" --rom_model -o "Blink.out" "./tm4c123gh6pm_startup_ccs.obj" "./FreeRTOS/croutine.obj" "./FreeRTOS/event_groups.obj" "./FreeRTOS/list.obj" "./FreeRTOS/queue.obj" "./FreeRTOS/stream_buffer.obj" "./FreeRTOS/tasks.obj" "./FreeRTOS/timers.obj" "./FreeRTOS/portable/CCS/ARM_CM4F/port.obj" "./FreeRTOS/portable/CCS/ARM_CM4F/portasm.obj" "./FreeRTOS/portable/MemMang/heap_2.obj" "../tm4c123gh6pm.cmd"  -l"C:/ti/TivaWare_C_Series-2.1.4.178/driverlib/ccs/Debug/driverlib.lib" -llibc.a 
<Linking>
 
 undefined first referenced                                                                                             
  symbol       in file                                                                                                  
 --------- ----------------                                                                                             
 main      C:\ti\ccs920\ccs\tools\compiler\ti-cgt-arm_18.12.4.LTS\lib\rtsv7M4_T_le_v4SPD16_eabi.lib<boot_cortex_m.c.obj>
 
error #10234-D: unresolved symbols remain
error #10010: errors encountered during linking; "Blink.out" not built
 
>> Compilation failure
makefile:158: recipe for target 'Blink.out' failed
gmake[1]: *** [Blink.out] Error 1
makefile:154: recipe for target 'all' failed
gmake: *** [all] Error 2

**** Build Finished ****

**** Build of configuration Debug for project Blink ****

"C:\\ti\\ccs920\\ccs\\utils\\bin\\gmake" -k -j 8 all -O 
 
Building file: "../main.c"
Invoking: ARM Compiler
"C:/ti/ccs920/ccs/tools/compiler/ti-cgt-arm_18.12.4.LTS/bin/armcl" -mv7M4 --code_state=16 --float_support=FPv4SPD16 -me --include_path="P:/Courses/ENCE464/Other files/Blinker/Blink" --include_path="C:/ti/TivaWare_C_Series-2.1.4.178" --include_path="C:/ti/ccs920/ccs/tools/compiler/ti-cgt-arm_18.12.4.LTS/include" --include_path="P:/Courses/ENCE464/Other files/Blinker/Blink/FreeRTOS/include" --include_path="P:/Courses/ENCE464/Other files/Blinker/Blink/FreeRTOS/portable/CCS/ARM_CM4F" --define=ccs="ccs" --define=PART_TM4C123GH6PM -g --gcc --diag_warning=225 --diag_wrap=off --display_error_number --abi=eabi --preproc_with_compile --preproc_dependency="main.d_raw"  "../main.c"
Finished building: "../main.c"
 
Building target: "Blink.out"
Invoking: ARM Linker
"C:/ti/ccs920/ccs/tools/compiler/ti-cgt-arm_18.12.4.LTS/bin/armcl" -mv7M4 --code_state=16 --float_support=FPv4SPD16 -me --define=ccs="ccs" --define=PART_TM4C123GH6PM -g --gcc --diag_warning=225 --diag_wrap=off --display_error_number --abi=eabi -z -m"Blink.map" --heap_size=0 --stack_size=512 -i"C:/ti/ccs920/ccs/tools/compiler/ti-cgt-arm_18.12.4.LTS/lib" -i"C:/ti/ccs920/ccs/tools/compiler/ti-cgt-arm_18.12.4.LTS/include" --reread_libs --diag_wrap=off --display_error_number --warn_sections --xml_link_info="Blink_linkInfo.xml" --rom_model -o "Blink.out" "./main.obj" "./tm4c123gh6pm_startup_ccs.obj" "./FreeRTOS/croutine.obj" "./FreeRTOS/event_groups.obj" "./FreeRTOS/list.obj" "./FreeRTOS/queue.obj" "./FreeRTOS/stream_buffer.obj" "./FreeRTOS/tasks.obj" "./FreeRTOS/timers.obj" "./FreeRTOS/portable/CCS/ARM_CM4F/port.obj" "./FreeRTOS/portable/CCS/ARM_CM4F/portasm.obj" "./FreeRTOS/portable/MemMang/heap_2.obj" "../tm4c123gh6pm.cmd"  -l"C:/ti/TivaWare_C_Series-2.1.4.178/driverlib/ccs/Debug/driverlib.lib" -llibc.a 
<Linking>
Finished building target: "Blink.out"
 

**** Build Finished ****

**** Build of configuration Debug for project freertos_demo ****

"C:\\ti\\ccs920\\ccs\\utils\\bin\\gmake" -k all 
 
gmake: Nothing to be done for 'all'.

**** Build Finished ****

**** Build of configuration Debug for project Blink ****

"C:\\ti\\ccs920\\ccs\\utils\\bin\\gmake" -k -j 8 all -O 
 
gmake[1]: 'Blink.out' is up to date.

**** Build Finished ****

**** Build of configuration Debug for project Blink ****

"C:\\ti\\ccs920\\ccs\\utils\\bin\\gmake" -k -j 8 all -O 
 
Building file: "../tm4c123gh6pm_startup_ccs.c"
Invoking: ARM Compiler
"C:/ti/ccs920/ccs/tools/compiler/ti-cgt-arm_18.12.4.LTS/bin/armcl" -mv7M4 --code_state=16 --float_support=FPv4SPD16 -me --include_path="P:/Courses/ENCE464/Other files/Blinker/Blink" --include_path="C:/ti/TivaWare_C_Series-2.1.4.178" --include_path="C:/ti/ccs920/ccs/tools/compiler/ti-cgt-arm_18.12.4.LTS/include" --include_path="P:/Courses/ENCE464/Other files/Blinker/Blink/FreeRTOS/include" --include_path="P:/Courses/ENCE464/Other files/Blinker/Blink/FreeRTOS/portable/CCS/ARM_CM4F" --define=ccs="ccs" --define=PART_TM4C123GH6PM -g --gcc --diag_warning=225 --diag_wrap=off --display_error_number --abi=eabi --preproc_with_compile --preproc_dependency="tm4c123gh6pm_startup_ccs.d_raw"  "../tm4c123gh6pm_startup_ccs.c"
Finished building: "../tm4c123gh6pm_startup_ccs.c"
 
Building target: "Blink.out"
Invoking: ARM Linker
"C:/ti/ccs920/ccs/tools/compiler/ti-cgt-arm_18.12.4.LTS/bin/armcl" -mv7M4 --code_state=16 --float_support=FPv4SPD16 -me --define=ccs="ccs" --define=PART_TM4C123GH6PM -g --gcc --diag_warning=225 --diag_wrap=off --display_error_number --abi=eabi -z -m"Blink.map" --heap_size=0 --stack_size=512 -i"C:/ti/ccs920/ccs/tools/compiler/ti-cgt-arm_18.12.4.LTS/lib" -i"C:/ti/ccs920/ccs/tools/compiler/ti-cgt-arm_18.12.4.LTS/include" --reread_libs --diag_wrap=off --display_error_number --warn_sections --xml_link_info="Blink_linkInfo.xml" --rom_model -o "Blink.out" "./main.obj" "./tm4c123gh6pm_startup_ccs.obj" "./FreeRTOS/croutine.obj" "./FreeRTOS/event_groups.obj" "./FreeRTOS/list.obj" "./FreeRTOS/queue.obj" "./FreeRTOS/stream_buffer.obj" "./FreeRTOS/tasks.obj" "./FreeRTOS/timers.obj" "./FreeRTOS/portable/CCS/ARM_CM4F/port.obj" "./FreeRTOS/portable/CCS/ARM_CM4F/portasm.obj" "./FreeRTOS/portable/MemMang/heap_2.obj" "../tm4c123gh6pm.cmd"  -l"C:/ti/TivaWare_C_Series-2.1.4.178/driverlib/ccs/Debug/driverlib.lib" -llibc.a 
<Linking>
Finished building target: "Blink.out"
 

**** Build Finished ****

**** Build of configuration Debug for project Blink ****

"C:\\ti\\ccs920\\ccs\\utils\\bin\\gmake" -k -j 8 all -O 
 
Building file: "../altitude.c"
Invoking: ARM Compiler
"C:/ti/ccs920/ccs/tools/compiler/ti-cgt-arm_18.12.4.LTS/bin/armcl" -mv7M4 --code_state=16 --float_support=FPv4SPD16 -me --include_path="P:/Courses/ENCE464/Other files/Blinker/Blink" --include_path="C:/ti/TivaWare_C_Series-2.1.4.178" --include_path="C:/ti/ccs920/ccs/tools/compiler/ti-cgt-arm_18.12.4.LTS/include" --include_path="P:/Courses/ENCE464/Other files/Blinker/Blink/FreeRTOS/include" --include_path="P:/Courses/ENCE464/Other files/Blinker/Blink/FreeRTOS/portable/CCS/ARM_CM4F" --define=ccs="ccs" --define=PART_TM4C123GH6PM -g --gcc --diag_warning=225 --diag_wrap=off --display_error_number --abi=eabi --preproc_with_compile --preproc_dependency="altitude.d_raw"  "../altitude.c"
 
>> Compilation failure
subdir_rules.mk:9: recipe for target 'altitude.obj' failed
"../altitude.c", line 5: fatal error #1965: cannot open source file "circBufT.h"
1 catastrophic error detected in the compilation of "../altitude.c".
Compilation terminated.
gmake: *** [altitude.obj] Error 1
Building file: "../OrbitOLED/lib_OrbitOled/FillPat.c"
Invoking: ARM Compiler
"C:/ti/ccs920/ccs/tools/compiler/ti-cgt-arm_18.12.4.LTS/bin/armcl" -mv7M4 --code_state=16 --float_support=FPv4SPD16 -me --include_path="P:/Courses/ENCE464/Other files/Blinker/Blink" --include_path="C:/ti/TivaWare_C_Series-2.1.4.178" --include_path="C:/ti/ccs920/ccs/tools/compiler/ti-cgt-arm_18.12.4.LTS/include" --include_path="P:/Courses/ENCE464/Other files/Blinker/Blink/FreeRTOS/include" --include_path="P:/Courses/ENCE464/Other files/Blinker/Blink/FreeRTOS/portable/CCS/ARM_CM4F" --define=ccs="ccs" --define=PART_TM4C123GH6PM -g --gcc --diag_warning=225 --diag_wrap=off --display_error_number --abi=eabi --preproc_with_compile --preproc_dependency="OrbitOLED/lib_OrbitOled/FillPat.d_raw" --obj_directory="OrbitOLED/lib_OrbitOled"  "../OrbitOLED/lib_OrbitOled/FillPat.c"
Finished building: "../OrbitOLED/lib_OrbitOled/FillPat.c"
 
Building file: "../main.c"
Invoking: ARM Compiler
"C:/ti/ccs920/ccs/tools/compiler/ti-cgt-arm_18.12.4.LTS/bin/armcl" -mv7M4 --code_state=16 --float_support=FPv4SPD16 -me --include_path="P:/Courses/ENCE464/Other files/Blinker/Blink" --include_path="C:/ti/TivaWare_C_Series-2.1.4.178" --include_path="C:/ti/ccs920/ccs/tools/compiler/ti-cgt-arm_18.12.4.LTS/include" --include_path="P:/Courses/ENCE464/Other files/Blinker/Blink/FreeRTOS/include" --include_path="P:/Courses/ENCE464/Other files/Blinker/Blink/FreeRTOS/portable/CCS/ARM_CM4F" --define=ccs="ccs" --define=PART_TM4C123GH6PM -g --gcc --diag_warning=225 --diag_wrap=off --display_error_number --abi=eabi --preproc_with_compile --preproc_dependency="main.d_raw"  "../main.c"
 
>> Compilation failure
subdir_rules.mk:9: recipe for target 'main.obj' failed
"..\altitude.h", line 13: fatal error #1965: cannot open source file "circBufT.h"
1 catastrophic error detected in the compilation of "../main.c".
Compilation terminated.
gmake: *** [main.obj] Error 1
Building file: "../OrbitOLED/lib_OrbitOled/ChrFont0.c"
Invoking: ARM Compiler
"C:/ti/ccs920/ccs/tools/compiler/ti-cgt-arm_18.12.4.LTS/bin/armcl" -mv7M4 --code_state=16 --float_support=FPv4SPD16 -me --include_path="P:/Courses/ENCE464/Other files/Blinker/Blink" --include_path="C:/ti/TivaWare_C_Series-2.1.4.178" --include_path="C:/ti/ccs920/ccs/tools/compiler/ti-cgt-arm_18.12.4.LTS/include" --include_path="P:/Courses/ENCE464/Other files/Blinker/Blink/FreeRTOS/include" --include_path="P:/Courses/ENCE464/Other files/Blinker/Blink/FreeRTOS/portable/CCS/ARM_CM4F" --define=ccs="ccs" --define=PART_TM4C123GH6PM -g --gcc --diag_warning=225 --diag_wrap=off --display_error_number --abi=eabi --preproc_with_compile --preproc_dependency="OrbitOLED/lib_OrbitOled/ChrFont0.d_raw" --obj_directory="OrbitOLED/lib_OrbitOled"  "../OrbitOLED/lib_OrbitOled/ChrFont0.c"
Finished building: "../OrbitOLED/lib_OrbitOled/ChrFont0.c"
 
Building file: "../OrbitOLED/OrbitOLEDInterface.c"
Invoking: ARM Compiler
"C:/ti/ccs920/ccs/tools/compiler/ti-cgt-arm_18.12.4.LTS/bin/armcl" -mv7M4 --code_state=16 --float_support=FPv4SPD16 -me --include_path="P:/Courses/ENCE464/Other files/Blinker/Blink" --include_path="C:/ti/TivaWare_C_Series-2.1.4.178" --include_path="C:/ti/ccs920/ccs/tools/compiler/ti-cgt-arm_18.12.4.LTS/include" --include_path="P:/Courses/ENCE464/Other files/Blinker/Blink/FreeRTOS/include" --include_path="P:/Courses/ENCE464/Other files/Blinker/Blink/FreeRTOS/portable/CCS/ARM_CM4F" --define=ccs="ccs" --define=PART_TM4C123GH6PM -g --gcc --diag_warning=225 --diag_wrap=off --display_error_number --abi=eabi --preproc_with_compile --preproc_dependency="OrbitOLED/OrbitOLEDInterface.d_raw" --obj_directory="OrbitOLED"  "../OrbitOLED/OrbitOLEDInterface.c"
Finished building: "../OrbitOLED/OrbitOLEDInterface.c"
 
Building file: "../OrbitOLED/lib_OrbitOled/OrbitOledChar.c"
Invoking: ARM Compiler
"C:/ti/ccs920/ccs/tools/compiler/ti-cgt-arm_18.12.4.LTS/bin/armcl" -mv7M4 --code_state=16 --float_support=FPv4SPD16 -me --include_path="P:/Courses/ENCE464/Other files/Blinker/Blink" --include_path="C:/ti/TivaWare_C_Series-2.1.4.178" --include_path="C:/ti/ccs920/ccs/tools/compiler/ti-cgt-arm_18.12.4.LTS/include" --include_path="P:/Courses/ENCE464/Other files/Blinker/Blink/FreeRTOS/include" --include_path="P:/Courses/ENCE464/Other files/Blinker/Blink/FreeRTOS/portable/CCS/ARM_CM4F" --define=ccs="ccs" --define=PART_TM4C123GH6PM -g --gcc --diag_warning=225 --diag_wrap=off --display_error_number --abi=eabi --preproc_with_compile --preproc_dependency="OrbitOLED/lib_OrbitOled/OrbitOledChar.d_raw" --obj_directory="OrbitOLED/lib_OrbitOled"  "../OrbitOLED/lib_OrbitOled/OrbitOledChar.c"
Finished building: "../OrbitOLED/lib_OrbitOled/OrbitOledChar.c"
 
Building file: "../OrbitOLED/lib_OrbitOled/delay.c"
Invoking: ARM Compiler
"C:/ti/ccs920/ccs/tools/compiler/ti-cgt-arm_18.12.4.LTS/bin/armcl" -mv7M4 --code_state=16 --float_support=FPv4SPD16 -me --include_path="P:/Courses/ENCE464/Other files/Blinker/Blink" --include_path="C:/ti/TivaWare_C_Series-2.1.4.178" --include_path="C:/ti/ccs920/ccs/tools/compiler/ti-cgt-arm_18.12.4.LTS/include" --include_path="P:/Courses/ENCE464/Other files/Blinker/Blink/FreeRTOS/include" --include_path="P:/Courses/ENCE464/Other files/Blinker/Blink/FreeRTOS/portable/CCS/ARM_CM4F" --define=ccs="ccs" --define=PART_TM4C123GH6PM -g --gcc --diag_warning=225 --diag_wrap=off --display_error_number --abi=eabi --preproc_with_compile --preproc_dependency="OrbitOLED/lib_OrbitOled/delay.d_raw" --obj_directory="OrbitOLED/lib_OrbitOled"  "../OrbitOLED/lib_OrbitOled/delay.c"
Finished building: "../OrbitOLED/lib_OrbitOled/delay.c"
 
Building file: "../OrbitOLED/lib_OrbitOled/OrbitOled.c"
Invoking: ARM Compiler
"C:/ti/ccs920/ccs/tools/compiler/ti-cgt-arm_18.12.4.LTS/bin/armcl" -mv7M4 --code_state=16 --float_support=FPv4SPD16 -me --include_path="P:/Courses/ENCE464/Other files/Blinker/Blink" --include_path="C:/ti/TivaWare_C_Series-2.1.4.178" --include_path="C:/ti/ccs920/ccs/tools/compiler/ti-cgt-arm_18.12.4.LTS/include" --include_path="P:/Courses/ENCE464/Other files/Blinker/Blink/FreeRTOS/include" --include_path="P:/Courses/ENCE464/Other files/Blinker/Blink/FreeRTOS/portable/CCS/ARM_CM4F" --define=ccs="ccs" --define=PART_TM4C123GH6PM -g --gcc --diag_warning=225 --diag_wrap=off --display_error_number --abi=eabi --preproc_with_compile --preproc_dependency="OrbitOLED/lib_OrbitOled/OrbitOled.d_raw" --obj_directory="OrbitOLED/lib_OrbitOled"  "../OrbitOLED/lib_OrbitOled/OrbitOled.c"
Finished building: "../OrbitOLED/lib_OrbitOled/OrbitOled.c"
 
Building file: "../OrbitOLED/lib_OrbitOled/OrbitOledGrph.c"
Invoking: ARM Compiler
"C:/ti/ccs920/ccs/tools/compiler/ti-cgt-arm_18.12.4.LTS/bin/armcl" -mv7M4 --code_state=16 --float_support=FPv4SPD16 -me --include_path="P:/Courses/ENCE464/Other files/Blinker/Blink" --include_path="C:/ti/TivaWare_C_Series-2.1.4.178" --include_path="C:/ti/ccs920/ccs/tools/compiler/ti-cgt-arm_18.12.4.LTS/include" --include_path="P:/Courses/ENCE464/Other files/Blinker/Blink/FreeRTOS/include" --include_path="P:/Courses/ENCE464/Other files/Blinker/Blink/FreeRTOS/portable/CCS/ARM_CM4F" --define=ccs="ccs" --define=PART_TM4C123GH6PM -g --gcc --diag_warning=225 --diag_wrap=off --display_error_number --abi=eabi --preproc_with_compile --preproc_dependency="OrbitOLED/lib_OrbitOled/OrbitOledGrph.d_raw" --obj_directory="OrbitOLED/lib_OrbitOled"  "../OrbitOLED/lib_OrbitOled/OrbitOledGrph.c"
"../OrbitOLED/lib_OrbitOled/OrbitOledGrph.c", line 615: warning #552-D: variable "bTmp" was set but never used
"../OrbitOLED/lib_OrbitOled/OrbitOledGrph.c", line 818: warning #552-D: variable "pbBmp" was set but never used
Finished building: "../OrbitOLED/lib_OrbitOled/OrbitOledGrph.c"
 
gmake: Target 'all' not remade because of errors.

**** Build Finished ****

**** Clean-only build of configuration Debug for project Milestone1 ****

"C:\\ti\\ccs920\\ccs\\utils\\bin\\gmake" -k -j 8 clean -O 
 
DEL /F  "Milestone1.hex"  "Milestone1.out" 
DEL /F "altitude.obj" "buttons4.obj" "circBufT.obj" "control.obj" "display.obj" "main.obj" "motor.obj" "system.obj" "tm4c123gh6pm_startup_ccs.obj" "uart.obj" "ustdlib.obj" "yaw.obj" "OrbitOLED\OrbitOLEDInterface.obj" "OrbitOLED\lib_OrbitOled\ChrFont0.obj" "OrbitOLED\lib_OrbitOled\FillPat.obj" "OrbitOLED\lib_OrbitOled\OrbitOled.obj" "OrbitOLED\lib_OrbitOled\OrbitOledChar.obj" "OrbitOLED\lib_OrbitOled\OrbitOledGrph.obj" "OrbitOLED\lib_OrbitOled\delay.obj" 
DEL /F "altitude.d" "buttons4.d" "circBufT.d" "control.d" "display.d" "main.d" "motor.d" "system.d" "tm4c123gh6pm_startup_ccs.d" "uart.d" "ustdlib.d" "yaw.d" "OrbitOLED\OrbitOLEDInterface.d" "OrbitOLED\lib_OrbitOled\ChrFont0.d" "OrbitOLED\lib_OrbitOled\FillPat.d" "OrbitOLED\lib_OrbitOled\OrbitOled.d" "OrbitOLED\lib_OrbitOled\OrbitOledChar.d" "OrbitOLED\lib_OrbitOled\OrbitOledGrph.d" "OrbitOLED\lib_OrbitOled\delay.d" 
Finished clean
 

**** Build Finished ****

**** Build of configuration Debug for project Milestone1 ****

"C:\\ti\\ccs920\\ccs\\utils\\bin\\gmake" -k -j 8 all -O 
 
Building file: "../altitude.c"
Invoking: ARM Compiler
"C:/ti/ccs920/ccs/tools/compiler/ti-cgt-arm_18.12.3.LTS/bin/armcl" -mv7M4 --code_state=16 --float_support=FPv4SPD16 -me --include_path="P:/Courses/ENCE361/newgit/tue_am_group-3" --include_path="C:/ti/TivaWare_C_Series-2.1.4.178" --include_path="C:/ti/TivaWare_C_Series-2.1.4.178/utils" --include_path="C:/ti/ccs920/ccs/tools/compiler/ti-cgt-arm_18.12.3.LTS/include" --define=ccs="ccs" --define=PART_TM4C123GH6PM -g --gcc --diag_warning=225 --diag_wrap=off --display_error_number --abi=eabi --preproc_with_compile --preproc_dependency="altitude.d_raw"  "../altitude.c"
Finished building: "../altitude.c"
 
Building file: "../buttons4.c"
Invoking: ARM Compiler
"C:/ti/ccs920/ccs/tools/compiler/ti-cgt-arm_18.12.3.LTS/bin/armcl" -mv7M4 --code_state=16 --float_support=FPv4SPD16 -me --include_path="P:/Courses/ENCE361/newgit/tue_am_group-3" --include_path="C:/ti/TivaWare_C_Series-2.1.4.178" --include_path="C:/ti/TivaWare_C_Series-2.1.4.178/utils" --include_path="C:/ti/ccs920/ccs/tools/compiler/ti-cgt-arm_18.12.3.LTS/include" --define=ccs="ccs" --define=PART_TM4C123GH6PM -g --gcc --diag_warning=225 --diag_wrap=off --display_error_number --abi=eabi --preproc_with_compile --preproc_dependency="buttons4.d_raw"  "../buttons4.c"
Finished building: "../buttons4.c"
 
Building file: "../circBufT.c"
Invoking: ARM Compiler
"C:/ti/ccs920/ccs/tools/compiler/ti-cgt-arm_18.12.3.LTS/bin/armcl" -mv7M4 --code_state=16 --float_support=FPv4SPD16 -me --include_path="P:/Courses/ENCE361/newgit/tue_am_group-3" --include_path="C:/ti/TivaWare_C_Series-2.1.4.178" --include_path="C:/ti/TivaWare_C_Series-2.1.4.178/utils" --include_path="C:/ti/ccs920/ccs/tools/compiler/ti-cgt-arm_18.12.3.LTS/include" --define=ccs="ccs" --define=PART_TM4C123GH6PM -g --gcc --diag_warning=225 --diag_wrap=off --display_error_number --abi=eabi --preproc_with_compile --preproc_dependency="circBufT.d_raw"  "../circBufT.c"
Finished building: "../circBufT.c"
 
Building file: "../main.c"
Invoking: ARM Compiler
"C:/ti/ccs920/ccs/tools/compiler/ti-cgt-arm_18.12.3.LTS/bin/armcl" -mv7M4 --code_state=16 --float_support=FPv4SPD16 -me --include_path="P:/Courses/ENCE361/newgit/tue_am_group-3" --include_path="C:/ti/TivaWare_C_Series-2.1.4.178" --include_path="C:/ti/TivaWare_C_Series-2.1.4.178/utils" --include_path="C:/ti/ccs920/ccs/tools/compiler/ti-cgt-arm_18.12.3.LTS/include" --define=ccs="ccs" --define=PART_TM4C123GH6PM -g --gcc --diag_warning=225 --diag_wrap=off --display_error_number --abi=eabi --preproc_with_compile --preproc_dependency="main.d_raw"  "../main.c"
Finished building: "../main.c"
 
Building file: "../motor.c"
Invoking: ARM Compiler
"C:/ti/ccs920/ccs/tools/compiler/ti-cgt-arm_18.12.3.LTS/bin/armcl" -mv7M4 --code_state=16 --float_support=FPv4SPD16 -me --include_path="P:/Courses/ENCE361/newgit/tue_am_group-3" --include_path="C:/ti/TivaWare_C_Series-2.1.4.178" --include_path="C:/ti/TivaWare_C_Series-2.1.4.178/utils" --include_path="C:/ti/ccs920/ccs/tools/compiler/ti-cgt-arm_18.12.3.LTS/include" --define=ccs="ccs" --define=PART_TM4C123GH6PM -g --gcc --diag_warning=225 --diag_wrap=off --display_error_number --abi=eabi --preproc_with_compile --preproc_dependency="motor.d_raw"  "../motor.c"
Finished building: "../motor.c"
 
Building file: "../system.c"
Invoking: ARM Compiler
"C:/ti/ccs920/ccs/tools/compiler/ti-cgt-arm_18.12.3.LTS/bin/armcl" -mv7M4 --code_state=16 --float_support=FPv4SPD16 -me --include_path="P:/Courses/ENCE361/newgit/tue_am_group-3" --include_path="C:/ti/TivaWare_C_Series-2.1.4.178" --include_path="C:/ti/TivaWare_C_Series-2.1.4.178/utils" --include_path="C:/ti/ccs920/ccs/tools/compiler/ti-cgt-arm_18.12.3.LTS/include" --define=ccs="ccs" --define=PART_TM4C123GH6PM -g --gcc --diag_warning=225 --diag_wrap=off --display_error_number --abi=eabi --preproc_with_compile --preproc_dependency="system.d_raw"  "../system.c"
Finished building: "../system.c"
 
Building file: "../display.c"
Invoking: ARM Compiler
"C:/ti/ccs920/ccs/tools/compiler/ti-cgt-arm_18.12.3.LTS/bin/armcl" -mv7M4 --code_state=16 --float_support=FPv4SPD16 -me --include_path="P:/Courses/ENCE361/newgit/tue_am_group-3" --include_path="C:/ti/TivaWare_C_Series-2.1.4.178" --include_path="C:/ti/TivaWare_C_Series-2.1.4.178/utils" --include_path="C:/ti/ccs920/ccs/tools/compiler/ti-cgt-arm_18.12.3.LTS/include" --define=ccs="ccs" --define=PART_TM4C123GH6PM -g --gcc --diag_warning=225 --diag_wrap=off --display_error_number --abi=eabi --preproc_with_compile --preproc_dependency="display.d_raw"  "../display.c"
Finished building: "../display.c"
 
Building file: "../control.c"
Invoking: ARM Compiler
"C:/ti/ccs920/ccs/tools/compiler/ti-cgt-arm_18.12.3.LTS/bin/armcl" -mv7M4 --code_state=16 --float_support=FPv4SPD16 -me --include_path="P:/Courses/ENCE361/newgit/tue_am_group-3" --include_path="C:/ti/TivaWare_C_Series-2.1.4.178" --include_path="C:/ti/TivaWare_C_Series-2.1.4.178/utils" --include_path="C:/ti/ccs920/ccs/tools/compiler/ti-cgt-arm_18.12.3.LTS/include" --define=ccs="ccs" --define=PART_TM4C123GH6PM -g --gcc --diag_warning=225 --diag_wrap=off --display_error_number --abi=eabi --preproc_with_compile --preproc_dependency="control.d_raw"  "../control.c"
Finished building: "../control.c"
 
Building file: "../tm4c123gh6pm_startup_ccs.c"
Invoking: ARM Compiler
"C:/ti/ccs920/ccs/tools/compiler/ti-cgt-arm_18.12.3.LTS/bin/armcl" -mv7M4 --code_state=16 --float_support=FPv4SPD16 -me --include_path="P:/Courses/ENCE361/newgit/tue_am_group-3" --include_path="C:/ti/TivaWare_C_Series-2.1.4.178" --include_path="C:/ti/TivaWare_C_Series-2.1.4.178/utils" --include_path="C:/ti/ccs920/ccs/tools/compiler/ti-cgt-arm_18.12.3.LTS/include" --define=ccs="ccs" --define=PART_TM4C123GH6PM -g --gcc --diag_warning=225 --diag_wrap=off --display_error_number --abi=eabi --preproc_with_compile --preproc_dependency="tm4c123gh6pm_startup_ccs.d_raw"  "../tm4c123gh6pm_startup_ccs.c"
Finished building: "../tm4c123gh6pm_startup_ccs.c"
 
Building file: "../OrbitOLED/lib_OrbitOled/ChrFont0.c"
Invoking: ARM Compiler
"C:/ti/ccs920/ccs/tools/compiler/ti-cgt-arm_18.12.3.LTS/bin/armcl" -mv7M4 --code_state=16 --float_support=FPv4SPD16 -me --include_path="P:/Courses/ENCE361/newgit/tue_am_group-3" --include_path="C:/ti/TivaWare_C_Series-2.1.4.178" --include_path="C:/ti/TivaWare_C_Series-2.1.4.178/utils" --include_path="C:/ti/ccs920/ccs/tools/compiler/ti-cgt-arm_18.12.3.LTS/include" --define=ccs="ccs" --define=PART_TM4C123GH6PM -g --gcc --diag_warning=225 --diag_wrap=off --display_error_number --abi=eabi --preproc_with_compile --preproc_dependency="OrbitOLED/lib_OrbitOled/ChrFont0.d_raw" --obj_directory="OrbitOLED/lib_OrbitOled"  "../OrbitOLED/lib_OrbitOled/ChrFont0.c"
Finished building: "../OrbitOLED/lib_OrbitOled/ChrFont0.c"
 
Building file: "../OrbitOLED/lib_OrbitOled/FillPat.c"
Invoking: ARM Compiler
"C:/ti/ccs920/ccs/tools/compiler/ti-cgt-arm_18.12.3.LTS/bin/armcl" -mv7M4 --code_state=16 --float_support=FPv4SPD16 -me --include_path="P:/Courses/ENCE361/newgit/tue_am_group-3" --include_path="C:/ti/TivaWare_C_Series-2.1.4.178" --include_path="C:/ti/TivaWare_C_Series-2.1.4.178/utils" --include_path="C:/ti/ccs920/ccs/tools/compiler/ti-cgt-arm_18.12.3.LTS/include" --define=ccs="ccs" --define=PART_TM4C123GH6PM -g --gcc --diag_warning=225 --diag_wrap=off --display_error_number --abi=eabi --preproc_with_compile --preproc_dependency="OrbitOLED/lib_OrbitOled/FillPat.d_raw" --obj_directory="OrbitOLED/lib_OrbitOled"  "../OrbitOLED/lib_OrbitOled/FillPat.c"
Finished building: "../OrbitOLED/lib_OrbitOled/FillPat.c"
 
Building file: "../uart.c"
Invoking: ARM Compiler
"C:/ti/ccs920/ccs/tools/compiler/ti-cgt-arm_18.12.3.LTS/bin/armcl" -mv7M4 --code_state=16 --float_support=FPv4SPD16 -me --include_path="P:/Courses/ENCE361/newgit/tue_am_group-3" --include_path="C:/ti/TivaWare_C_Series-2.1.4.178" --include_path="C:/ti/TivaWare_C_Series-2.1.4.178/utils" --include_path="C:/ti/ccs920/ccs/tools/compiler/ti-cgt-arm_18.12.3.LTS/include" --define=ccs="ccs" --define=PART_TM4C123GH6PM -g --gcc --diag_warning=225 --diag_wrap=off --display_error_number --abi=eabi --preproc_with_compile --preproc_dependency="uart.d_raw"  "../uart.c"
Finished building: "../uart.c"
 
Building file: "../yaw.c"
Invoking: ARM Compiler
"C:/ti/ccs920/ccs/tools/compiler/ti-cgt-arm_18.12.3.LTS/bin/armcl" -mv7M4 --code_state=16 --float_support=FPv4SPD16 -me --include_path="P:/Courses/ENCE361/newgit/tue_am_group-3" --include_path="C:/ti/TivaWare_C_Series-2.1.4.178" --include_path="C:/ti/TivaWare_C_Series-2.1.4.178/utils" --include_path="C:/ti/ccs920/ccs/tools/compiler/ti-cgt-arm_18.12.3.LTS/include" --define=ccs="ccs" --define=PART_TM4C123GH6PM -g --gcc --diag_warning=225 --diag_wrap=off --display_error_number --abi=eabi --preproc_with_compile --preproc_dependency="yaw.d_raw"  "../yaw.c"
Finished building: "../yaw.c"
 
Building file: "../OrbitOLED/OrbitOLEDInterface.c"
Invoking: ARM Compiler
"C:/ti/ccs920/ccs/tools/compiler/ti-cgt-arm_18.12.3.LTS/bin/armcl" -mv7M4 --code_state=16 --float_support=FPv4SPD16 -me --include_path="P:/Courses/ENCE361/newgit/tue_am_group-3" --include_path="C:/ti/TivaWare_C_Series-2.1.4.178" --include_path="C:/ti/TivaWare_C_Series-2.1.4.178/utils" --include_path="C:/ti/ccs920/ccs/tools/compiler/ti-cgt-arm_18.12.3.LTS/include" --define=ccs="ccs" --define=PART_TM4C123GH6PM -g --gcc --diag_warning=225 --diag_wrap=off --display_error_number --abi=eabi --preproc_with_compile --preproc_dependency="OrbitOLED/OrbitOLEDInterface.d_raw" --obj_directory="OrbitOLED"  "../OrbitOLED/OrbitOLEDInterface.c"
Finished building: "../OrbitOLED/OrbitOLEDInterface.c"
 
Building file: "../OrbitOLED/lib_OrbitOled/OrbitOled.c"
Invoking: ARM Compiler
"C:/ti/ccs920/ccs/tools/compiler/ti-cgt-arm_18.12.3.LTS/bin/armcl" -mv7M4 --code_state=16 --float_support=FPv4SPD16 -me --include_path="P:/Courses/ENCE361/newgit/tue_am_group-3" --include_path="C:/ti/TivaWare_C_Series-2.1.4.178" --include_path="C:/ti/TivaWare_C_Series-2.1.4.178/utils" --include_path="C:/ti/ccs920/ccs/tools/compiler/ti-cgt-arm_18.12.3.LTS/include" --define=ccs="ccs" --define=PART_TM4C123GH6PM -g --gcc --diag_warning=225 --diag_wrap=off --display_error_number --abi=eabi --preproc_with_compile --preproc_dependency="OrbitOLED/lib_OrbitOled/OrbitOled.d_raw" --obj_directory="OrbitOLED/lib_OrbitOled"  "../OrbitOLED/lib_OrbitOled/OrbitOled.c"
Finished building: "../OrbitOLED/lib_OrbitOled/OrbitOled.c"
 
Building file: "../OrbitOLED/lib_OrbitOled/OrbitOledChar.c"
Invoking: ARM Compiler
"C:/ti/ccs920/ccs/tools/compiler/ti-cgt-arm_18.12.3.LTS/bin/armcl" -mv7M4 --code_state=16 --float_support=FPv4SPD16 -me --include_path="P:/Courses/ENCE361/newgit/tue_am_group-3" --include_path="C:/ti/TivaWare_C_Series-2.1.4.178" --include_path="C:/ti/TivaWare_C_Series-2.1.4.178/utils" --include_path="C:/ti/ccs920/ccs/tools/compiler/ti-cgt-arm_18.12.3.LTS/include" --define=ccs="ccs" --define=PART_TM4C123GH6PM -g --gcc --diag_warning=225 --diag_wrap=off --display_error_number --abi=eabi --preproc_with_compile --preproc_dependency="OrbitOLED/lib_OrbitOled/OrbitOledChar.d_raw" --obj_directory="OrbitOLED/lib_OrbitOled"  "../OrbitOLED/lib_OrbitOled/OrbitOledChar.c"
Finished building: "../OrbitOLED/lib_OrbitOled/OrbitOledChar.c"
 
Building file: "../OrbitOLED/lib_OrbitOled/delay.c"
Invoking: ARM Compiler
"C:/ti/ccs920/ccs/tools/compiler/ti-cgt-arm_18.12.3.LTS/bin/armcl" -mv7M4 --code_state=16 --float_support=FPv4SPD16 -me --include_path="P:/Courses/ENCE361/newgit/tue_am_group-3" --include_path="C:/ti/TivaWare_C_Series-2.1.4.178" --include_path="C:/ti/TivaWare_C_Series-2.1.4.178/utils" --include_path="C:/ti/ccs920/ccs/tools/compiler/ti-cgt-arm_18.12.3.LTS/include" --define=ccs="ccs" --define=PART_TM4C123GH6PM -g --gcc --diag_warning=225 --diag_wrap=off --display_error_number --abi=eabi --preproc_with_compile --preproc_dependency="OrbitOLED/lib_OrbitOled/delay.d_raw" --obj_directory="OrbitOLED/lib_OrbitOled"  "../OrbitOLED/lib_OrbitOled/delay.c"
Finished building: "../OrbitOLED/lib_OrbitOled/delay.c"
 
Building file: "../ustdlib.c"
Invoking: ARM Compiler
"C:/ti/ccs920/ccs/tools/compiler/ti-cgt-arm_18.12.3.LTS/bin/armcl" -mv7M4 --code_state=16 --float_support=FPv4SPD16 -me --include_path="P:/Courses/ENCE361/newgit/tue_am_group-3" --include_path="C:/ti/TivaWare_C_Series-2.1.4.178" --include_path="C:/ti/TivaWare_C_Series-2.1.4.178/utils" --include_path="C:/ti/ccs920/ccs/tools/compiler/ti-cgt-arm_18.12.3.LTS/include" --define=ccs="ccs" --define=PART_TM4C123GH6PM -g --gcc --diag_warning=225 --diag_wrap=off --display_error_number --abi=eabi --preproc_with_compile --preproc_dependency="ustdlib.d_raw"  "../ustdlib.c"
Finished building: "../ustdlib.c"
 
Building file: "../OrbitOLED/lib_OrbitOled/OrbitOledGrph.c"
Invoking: ARM Compiler
"C:/ti/ccs920/ccs/tools/compiler/ti-cgt-arm_18.12.3.LTS/bin/armcl" -mv7M4 --code_state=16 --float_support=FPv4SPD16 -me --include_path="P:/Courses/ENCE361/newgit/tue_am_group-3" --include_path="C:/ti/TivaWare_C_Series-2.1.4.178" --include_path="C:/ti/TivaWare_C_Series-2.1.4.178/utils" --include_path="C:/ti/ccs920/ccs/tools/compiler/ti-cgt-arm_18.12.3.LTS/include" --define=ccs="ccs" --define=PART_TM4C123GH6PM -g --gcc --diag_warning=225 --diag_wrap=off --display_error_number --abi=eabi --preproc_with_compile --preproc_dependency="OrbitOLED/lib_OrbitOled/OrbitOledGrph.d_raw" --obj_directory="OrbitOLED/lib_OrbitOled"  "../OrbitOLED/lib_OrbitOled/OrbitOledGrph.c"
"../OrbitOLED/lib_OrbitOled/OrbitOledGrph.c", line 615: warning #552-D: variable "bTmp" was set but never used
"../OrbitOLED/lib_OrbitOled/OrbitOledGrph.c", line 818: warning #552-D: variable "pbBmp" was set but never used
Finished building: "../OrbitOLED/lib_OrbitOled/OrbitOledGrph.c"
 
Building target: "Milestone1.out"
Invoking: ARM Linker
"C:/ti/ccs920/ccs/tools/compiler/ti-cgt-arm_18.12.3.LTS/bin/armcl" -mv7M4 --code_state=16 --float_support=FPv4SPD16 -me --define=ccs="ccs" --define=PART_TM4C123GH6PM -g --gcc --diag_warning=225 --diag_wrap=off --display_error_number --abi=eabi -z -m"Milestone1.map" --heap_size=128 --stack_size=512 -i"C:/ti/ccs920/ccs/tools/compiler/ti-cgt-arm_18.12.3.LTS/lib" -i"C:/ti/ccs920/ccs/tools/compiler/ti-cgt-arm_18.12.3.LTS/include" --reread_libs --diag_wrap=off --display_error_number --warn_sections --xml_link_info="Milestone1_linkInfo.xml" --rom_model -o "Milestone1.out" "./altitude.obj" "./buttons4.obj" "./circBufT.obj" "./control.obj" "./display.obj" "./main.obj" "./motor.obj" "./system.obj" "./tm4c123gh6pm_startup_ccs.obj" "./uart.obj" "./ustdlib.obj" "./yaw.obj" "./OrbitOLED/OrbitOLEDInterface.obj" "./OrbitOLED/lib_OrbitOled/ChrFont0.obj" "./OrbitOLED/lib_OrbitOled/FillPat.obj" "./OrbitOLED/lib_OrbitOled/OrbitOled.obj" "./OrbitOLED/lib_OrbitOled/OrbitOledChar.obj" "./OrbitOLED/lib_OrbitOled/OrbitOledGrph.obj" "./OrbitOLED/lib_OrbitOled/delay.obj" "../tm4c123gh6pm.cmd"  -llibc.a -l"C:/ti/TivaWare_C_Series-2.1.4.178/driverlib/ccs/Debug/driverlib.lib" 
<Linking>
Finished building target: "Milestone1.out"
 

**** Build Finished ****

**** Build of configuration Debug for project Milestone1 ****

"C:\\ti\\ccs920\\ccs\\utils\\bin\\gmake" -k -j 8 all -O 
 
gmake[1]: 'Milestone1.out' is up to date.

**** Build Finished ****

**** Build of configuration Debug for project Blink ****

"C:\\ti\\ccs920\\ccs\\utils\\bin\\gmake" -k -j 8 all -O 
 
Building file: "../altitude.c"
Invoking: ARM Compiler
"C:/ti/ccs920/ccs/tools/compiler/ti-cgt-arm_18.12.4.LTS/bin/armcl" -mv7M4 --code_state=16 --float_support=FPv4SPD16 -me --include_path="P:/Courses/ENCE464/Other files/Blinker/Blink" --include_path="C:/ti/TivaWare_C_Series-2.1.4.178" --include_path="C:/ti/ccs920/ccs/tools/compiler/ti-cgt-arm_18.12.4.LTS/include" --include_path="P:/Courses/ENCE464/Other files/Blinker/Blink/FreeRTOS/include" --include_path="P:/Courses/ENCE464/Other files/Blinker/Blink/FreeRTOS/portable/CCS/ARM_CM4F" --define=ccs="ccs" --define=PART_TM4C123GH6PM -g --gcc --diag_warning=225 --diag_wrap=off --display_error_number --abi=eabi --preproc_with_compile --preproc_dependency="altitude.d_raw"  "../altitude.c"
 
>> Compilation failure
subdir_rules.mk:9: recipe for target 'altitude.obj' failed
"../altitude.c", line 6: fatal error #1965: cannot open source file "system.h"
1 catastrophic error detected in the compilation of "../altitude.c".
Compilation terminated.
gmake: *** [altitude.obj] Error 1
Building file: "../main.c"
Invoking: ARM Compiler
"C:/ti/ccs920/ccs/tools/compiler/ti-cgt-arm_18.12.4.LTS/bin/armcl" -mv7M4 --code_state=16 --float_support=FPv4SPD16 -me --include_path="P:/Courses/ENCE464/Other files/Blinker/Blink" --include_path="C:/ti/TivaWare_C_Series-2.1.4.178" --include_path="C:/ti/ccs920/ccs/tools/compiler/ti-cgt-arm_18.12.4.LTS/include" --include_path="P:/Courses/ENCE464/Other files/Blinker/Blink/FreeRTOS/include" --include_path="P:/Courses/ENCE464/Other files/Blinker/Blink/FreeRTOS/portable/CCS/ARM_CM4F" --define=ccs="ccs" --define=PART_TM4C123GH6PM -g --gcc --diag_warning=225 --diag_wrap=off --display_error_number --abi=eabi --preproc_with_compile --preproc_dependency="main.d_raw"  "../main.c"
 
>> Compilation failure
subdir_rules.mk:9: recipe for target 'main.obj' failed
"..\altitude.h", line 56: error #20: identifier "circBuf_t" is undefined
1 error detected in the compilation of "../main.c".
gmake: *** [main.obj] Error 1
gmake: Target 'all' not remade because of errors.

**** Build Finished ****

**** Build of configuration Debug for project Blink ****

"C:\\ti\\ccs920\\ccs\\utils\\bin\\gmake" -k -j 8 all -O 
 
Building file: "../altitude.c"
Invoking: ARM Compiler
"C:/ti/ccs920/ccs/tools/compiler/ti-cgt-arm_18.12.4.LTS/bin/armcl" -mv7M4 --code_state=16 --float_support=FPv4SPD16 -me --include_path="P:/Courses/ENCE464/Other files/Blinker/Blink" --include_path="C:/ti/TivaWare_C_Series-2.1.4.178" --include_path="C:/ti/ccs920/ccs/tools/compiler/ti-cgt-arm_18.12.4.LTS/include" --include_path="P:/Courses/ENCE464/Other files/Blinker/Blink/FreeRTOS/include" --include_path="P:/Courses/ENCE464/Other files/Blinker/Blink/FreeRTOS/portable/CCS/ARM_CM4F" --define=ccs="ccs" --define=PART_TM4C123GH6PM -g --gcc --diag_warning=225 --diag_wrap=off --display_error_number --abi=eabi --preproc_with_compile --preproc_dependency="altitude.d_raw"  "../altitude.c"
 
>> Compilation failure
subdir_rules.mk:9: recipe for target 'altitude.obj' failed
"C:/ti/TivaWare_C_Series-2.1.4.178/driverlib/adc.h", line 254: error #20: identifier "bool" is undefined
"C:/ti/TivaWare_C_Series-2.1.4.178/driverlib/adc.h", line 296: error #20: identifier "bool" is undefined
"C:/ti/TivaWare_C_Series-2.1.4.178/driverlib/adc.h", line 296: error #20: identifier "bool" is undefined
"C:/ti/TivaWare_C_Series-2.1.4.178/driverlib/adc.h", line 305: error #20: identifier "bool" is undefined
"C:/ti/TivaWare_C_Series-2.1.4.178/driverlib/adc.h", line 309: error #20: identifier "bool" is undefined
"../altitude.c", line 16: error #142-D: unnamed prototyped parameters not allowed when body is present
"../altitude.c", line 18: error #20: identifier "ADC0_BASE" is undefined
"../altitude.c", line 20: warning #225-D: function "ADCIntHandler" declared implicitly
"../altitude.c", line 22: warning #225-D: function "vPrintString" declared implicitly
"../altitude.c", line 22: error #20: identifier "ulValue" is undefined
"../altitude.c", line 22: warning #225-D: function "percentAltitude" declared implicitly
"../altitude.c", line 25: warning #225-D: function "vTasksDelayUntil" declared implicitly
"../altitude.c", line 34: warning #161-D: declaration is incompatible with previous "ADCIntHandler" (declared at line 20)
"../altitude.c", line 38: error #20: identifier "ADC0_BASE" is undefined
"../altitude.c", line 55: warning #225-D: function "SysCtlPeripheralEnable" declared implicitly
"../altitude.c", line 55: error #20: identifier "SYSCTL_PERIPH_ADC0" is undefined
"../altitude.c", line 60: error #20: identifier "ADC0_BASE" is undefined
"../altitude.c", line 87: error #20: identifier "TASK_STACK_DEPTH" is undefined
"../altitude.c", line 90: warning #225-D: function "bufferLocation" declared implicitly
"../altitude.c", line 90: warning #169-D: argument of type "int" is incompatible with parameter of type "circBuf_t *"
"../altitude.c", line 133: warning #161-D: declaration is incompatible with previous "bufferLocation" (declared at line 90)
12 errors detected in the compilation of "../altitude.c".
gmake: *** [altitude.obj] Error 1
Building file: "../main.c"
Invoking: ARM Compiler
"C:/ti/ccs920/ccs/tools/compiler/ti-cgt-arm_18.12.4.LTS/bin/armcl" -mv7M4 --code_state=16 --float_support=FPv4SPD16 -me --include_path="P:/Courses/ENCE464/Other files/Blinker/Blink" --include_path="C:/ti/TivaWare_C_Series-2.1.4.178" --include_path="C:/ti/ccs920/ccs/tools/compiler/ti-cgt-arm_18.12.4.LTS/include" --include_path="P:/Courses/ENCE464/Other files/Blinker/Blink/FreeRTOS/include" --include_path="P:/Courses/ENCE464/Other files/Blinker/Blink/FreeRTOS/portable/CCS/ARM_CM4F" --define=ccs="ccs" --define=PART_TM4C123GH6PM -g --gcc --diag_warning=225 --diag_wrap=off --display_error_number --abi=eabi --preproc_with_compile --preproc_dependency="main.d_raw"  "../main.c"
 
>> Compilation failure
subdir_rules.mk:9: recipe for target 'main.obj' failed
"..\altitude.h", line 56: error #20: identifier "circBuf_t" is undefined
"../main.c", line 31: error #42: expression must have arithmetic or pointer type
2 errors detected in the compilation of "../main.c".
gmake: *** [main.obj] Error 1
Building file: "../circBufT.c"
Invoking: ARM Compiler
"C:/ti/ccs920/ccs/tools/compiler/ti-cgt-arm_18.12.4.LTS/bin/armcl" -mv7M4 --code_state=16 --float_support=FPv4SPD16 -me --include_path="P:/Courses/ENCE464/Other files/Blinker/Blink" --include_path="C:/ti/TivaWare_C_Series-2.1.4.178" --include_path="C:/ti/ccs920/ccs/tools/compiler/ti-cgt-arm_18.12.4.LTS/include" --include_path="P:/Courses/ENCE464/Other files/Blinker/Blink/FreeRTOS/include" --include_path="P:/Courses/ENCE464/Other files/Blinker/Blink/FreeRTOS/portable/CCS/ARM_CM4F" --define=ccs="ccs" --define=PART_TM4C123GH6PM -g --gcc --diag_warning=225 --diag_wrap=off --display_error_number --abi=eabi --preproc_with_compile --preproc_dependency="circBufT.d_raw"  "../circBufT.c"
Finished building: "../circBufT.c"
 
Building file: "../ustdlib.c"
Invoking: ARM Compiler
"C:/ti/ccs920/ccs/tools/compiler/ti-cgt-arm_18.12.4.LTS/bin/armcl" -mv7M4 --code_state=16 --float_support=FPv4SPD16 -me --include_path="P:/Courses/ENCE464/Other files/Blinker/Blink" --include_path="C:/ti/TivaWare_C_Series-2.1.4.178" --include_path="C:/ti/ccs920/ccs/tools/compiler/ti-cgt-arm_18.12.4.LTS/include" --include_path="P:/Courses/ENCE464/Other files/Blinker/Blink/FreeRTOS/include" --include_path="P:/Courses/ENCE464/Other files/Blinker/Blink/FreeRTOS/portable/CCS/ARM_CM4F" --define=ccs="ccs" --define=PART_TM4C123GH6PM -g --gcc --diag_warning=225 --diag_wrap=off --display_error_number --abi=eabi --preproc_with_compile --preproc_dependency="ustdlib.d_raw"  "../ustdlib.c"
Finished building: "../ustdlib.c"
 
gmake: Target 'all' not remade because of errors.

**** Build Finished ****

**** Build of configuration Debug for project Milestone1 ****

"C:\\ti\\ccs920\\ccs\\utils\\bin\\gmake" -k -j 8 all -O 
 
gmake[1]: 'Milestone1.out' is up to date.

**** Build Finished ****

**** Build of configuration Debug for project freertos_demo ****

"C:\\ti\\ccs920\\ccs\\utils\\bin\\gmake" -k all 
 
Building file: "../led_task.c"
Invoking: ARM Compiler
"C:/ti/ccs920/ccs/tools/compiler/ti-cgt-arm_18.12.3.LTS/bin/armcl" -mv7M4 --code_state=16 --float_support=FPv4SPD16 -me --include_path="P:/Courses/ENCE464/Other files/Blinker/freertos_demo" --include_path="P:/Courses/ENCE464/Other files/Blinker/freertos_demo/FreeRTOS" --include_path="C:/ti/TivaWare_C_Series-2.1.4.178/examples/boards/ek-tm4c123gxl/drivers" --include_path="P:/Courses/ENCE464/Other files/Blinker/freertos_demo/FreeRTOS/include" --include_path="P:/Courses/ENCE464/Other files/Blinker/freertos_demo/FreeRTOS/Source/portable/CCS/ARM_CM4F" --include_path="C:/ti/TivaWare_C_Series-2.1.4.178" --include_path="C:/ti/ccs920/ccs/tools/compiler/ti-cgt-arm_18.12.4.LTS/include" --define=ccs="ccs" --define=TARGET_IS_TM4C123_RB2 --define=PART_TM4C123GH6PM --gcc --abi=eabi --preproc_with_compile --preproc_dependency="led_task.d_raw"  "../led_task.c"
Finished building: "../led_task.c"
 
Building target: "freertos_demo.out"
Invoking: ARM Linker
"C:/ti/ccs920/ccs/tools/compiler/ti-cgt-arm_18.12.3.LTS/bin/armcl" -mv7M4 --code_state=16 --float_support=FPv4SPD16 -me --define=ccs="ccs" --define=TARGET_IS_TM4C123_RB2 --define=PART_TM4C123GH6PM --gcc --abi=eabi -z -m"freertos_demo.map" --heap_size=0 --stack_size=512 -i"C:/ti/ccs920/ccs/tools/compiler/ti-cgt-arm_18.12.3.LTS/lib" -i"C:/ti/ccs920/ccs/tools/compiler/ti-cgt-arm_18.12.3.LTS/include" --reread_libs --warn_sections --rom_model -o "freertos_demo.out" "./freertos_demo.obj" "./led_task.obj" "./startup_ccs.obj" "./switch_task.obj" "./FreeRTOS/Source/croutine.obj" "./FreeRTOS/Source/event_groups.obj" "./FreeRTOS/Source/list.obj" "./FreeRTOS/Source/queue.obj" "./FreeRTOS/Source/stream_buffer.obj" "./FreeRTOS/Source/tasks.obj" "./FreeRTOS/Source/timers.obj" "./FreeRTOS/Source/portable/CCS/ARM_CM4F/port.obj" "./FreeRTOS/Source/portable/CCS/ARM_CM4F/portasm.obj" "./FreeRTOS/Source/portable/MemMang/heap_2.obj" "./drivers/buttons.obj" "./drivers/rgb.obj" "./utils/uartstdio.obj" "./utils/ustdlib.obj" "../freertos_demo_ccs.cmd"  -l"C:/ti/TivaWare_C_Series-2.1.4.178/driverlib/ccs/Debug/driverlib.lib" -llibc.a 
<Linking>
Finished building target: "freertos_demo.out"
 
"C:/ti/ccs920/ccs/utils/tiobj2bin/tiobj2bin" "freertos_demo.out" "freertos_demo.bin" "C:/ti/ccs920/ccs/tools/compiler/ti-cgt-arm_18.12.3.LTS/bin/armofd" "C:/ti/ccs920/ccs/tools/compiler/ti-cgt-arm_18.12.3.LTS/bin/armhex" "C:/ti/ccs920/ccs/utils/tiobj2bin/mkhex4bin"
 

**** Build Finished ****

**** Build of configuration Debug for project Blink ****

"C:\\ti\\ccs920\\ccs\\utils\\bin\\gmake" -k -j 8 all -O 
 
Building file: "../altitude.c"
Invoking: ARM Compiler
"C:/ti/ccs920/ccs/tools/compiler/ti-cgt-arm_18.12.4.LTS/bin/armcl" -mv7M4 --code_state=16 --float_support=FPv4SPD16 -me --include_path="P:/Courses/ENCE464/Other files/Blinker/Blink" --include_path="C:/ti/TivaWare_C_Series-2.1.4.178" --include_path="C:/ti/ccs920/ccs/tools/compiler/ti-cgt-arm_18.12.4.LTS/include" --include_path="P:/Courses/ENCE464/Other files/Blinker/Blink/FreeRTOS/include" --include_path="P:/Courses/ENCE464/Other files/Blinker/Blink/FreeRTOS/portable/CCS/ARM_CM4F" --define=ccs="ccs" --define=PART_TM4C123GH6PM -g --gcc --diag_warning=225 --diag_wrap=off --display_error_number --abi=eabi --preproc_with_compile --preproc_dependency="altitude.d_raw"  "../altitude.c"
 
>> Compilation failure
subdir_rules.mk:9: recipe for target 'altitude.obj' failed
"C:/ti/TivaWare_C_Series-2.1.4.178/driverlib/adc.h", line 254: error #20: identifier "bool" is undefined
"C:/ti/TivaWare_C_Series-2.1.4.178/driverlib/adc.h", line 296: error #20: identifier "bool" is undefined
"C:/ti/TivaWare_C_Series-2.1.4.178/driverlib/adc.h", line 296: error #20: identifier "bool" is undefined
"C:/ti/TivaWare_C_Series-2.1.4.178/driverlib/adc.h", line 305: error #20: identifier "bool" is undefined
"C:/ti/TivaWare_C_Series-2.1.4.178/driverlib/adc.h", line 309: error #20: identifier "bool" is undefined
"../altitude.c", line 16: error #142-D: unnamed prototyped parameters not allowed when body is present
"../altitude.c", line 18: error #20: identifier "ADC0_BASE" is undefined
"../altitude.c", line 20: warning #225-D: function "ADCIntHandler" declared implicitly
"../altitude.c", line 22: warning #225-D: function "vPrintString" declared implicitly
"../altitude.c", line 22: error #20: identifier "ulValue" is undefined
"../altitude.c", line 22: warning #225-D: function "percentAltitude" declared implicitly
"../altitude.c", line 25: warning #225-D: function "vTasksDelayUntil" declared implicitly
"../altitude.c", line 34: warning #161-D: declaration is incompatible with previous "ADCIntHandler" (declared at line 20)
"../altitude.c", line 38: error #20: identifier "ADC0_BASE" is undefined
"../altitude.c", line 55: warning #225-D: function "SysCtlPeripheralEnable" declared implicitly
"../altitude.c", line 55: error #20: identifier "SYSCTL_PERIPH_ADC0" is undefined
"../altitude.c", line 60: error #20: identifier "ADC0_BASE" is undefined
"../altitude.c", line 87: error #20: identifier "TASK_STACK_DEPTH" is undefined
"../altitude.c", line 90: warning #225-D: function "bufferLocation" declared implicitly
"../altitude.c", line 90: warning #169-D: argument of type "int" is incompatible with parameter of type "circBuf_t *"
"../altitude.c", line 133: warning #161-D: declaration is incompatible with previous "bufferLocation" (declared at line 90)
12 errors detected in the compilation of "../altitude.c".
gmake: *** [altitude.obj] Error 1
Building file: "../main.c"
Invoking: ARM Compiler
"C:/ti/ccs920/ccs/tools/compiler/ti-cgt-arm_18.12.4.LTS/bin/armcl" -mv7M4 --code_state=16 --float_support=FPv4SPD16 -me --include_path="P:/Courses/ENCE464/Other files/Blinker/Blink" --include_path="C:/ti/TivaWare_C_Series-2.1.4.178" --include_path="C:/ti/ccs920/ccs/tools/compiler/ti-cgt-arm_18.12.4.LTS/include" --include_path="P:/Courses/ENCE464/Other files/Blinker/Blink/FreeRTOS/include" --include_path="P:/Courses/ENCE464/Other files/Blinker/Blink/FreeRTOS/portable/CCS/ARM_CM4F" --define=ccs="ccs" --define=PART_TM4C123GH6PM -g --gcc --diag_warning=225 --diag_wrap=off --display_error_number --abi=eabi --preproc_with_compile --preproc_dependency="main.d_raw"  "../main.c"
 
>> Compilation failure
subdir_rules.mk:9: recipe for target 'main.obj' failed
"..\altitude.h", line 1: error #38: the #endif for this directive is missing
"../main.c", line 31: error #42: expression must have arithmetic or pointer type
2 errors detected in the compilation of "../main.c".
gmake: *** [main.obj] Error 1
gmake: Target 'all' not remade because of errors.

**** Build Finished ****

**** Build of configuration Debug for project Milestone1 ****

"C:\\ti\\ccs920\\ccs\\utils\\bin\\gmake" -k -j 8 all -O 
 
gmake[1]: 'Milestone1.out' is up to date.

**** Build Finished ****

**** Build of configuration Debug for project freertos_demo ****

"C:\\ti\\ccs920\\ccs\\utils\\bin\\gmake" -k all 
 
gmake: Nothing to be done for 'all'.

**** Build Finished ****
